C51 COMPILER V9.56.0.0   ASCII4X5                                                          10/21/2016 15:21:25 PAGE 1   


C51 COMPILER V9.56.0.0, COMPILATION OF MODULE ASCII4X5
OBJECT MODULE PLACED IN .\Objects\ASCII4x5.obj
COMPILER INVOKED BY: D:\MyProKits\MucKits\Keil\C51\BIN\C51.EXE ..\..\SrcCode\Src\Middle\Gui\Font\ASCII4x5.c LARGE OPTIMI
                    -ZE(8,SPEED) BROWSE INCDIR(..\..\SrcCode\Inc\Bsp;..\..\SrcCode\Inc\Logic;..\..\SrcCode\Inc\Middle;..\..\SrcCode\Inc\Middl
                    -e\Gui\Font;..\..\SdkTool\Si8051Base;..\..\SdkTool\EFM8UB2\Inc;..\..\SdkTool\EFM8UB2\Perip\Inc;..\..\SdkTool\EFM8UB2\Xpre
                    -ss\Inc) DEBUG OBJECTEXTEND PRINT(.\Listings\ASCII4x5.lst) TABS(2) OBJECT(.\Objects\ASCII4x5.obj)

line level    source

   1          /////////////////////////////////////////////
   2          //  微小数字显示函数
   3          //  4x5 点阵
   4          //BIT:MSB -> LSB, DIR:Up->Down
   5          /*
   6          | LSB A0-7  | LSB B0-7
   7          |           |
   8          |           |
   9          |           |
  10          | MSB       | MSB 
  11          
  12          扫描方式:从左到右,从上到下
  13          -|-|-|-|-|-|-|-|-|-|-|-|-|-|->
  14          -|-|-|-|-|-|-|-|-|-|-|-|-|-|->
  15          */
  16          const unsigned char LcdMiniNum[][4] = {
  17            {0x1f,0x11,0x1f,0x00},//0       No.0
  18            {0x09,0x1f,0x01,0x00},//1       No.1
  19            {0x17,0x15,0x1d,0x00},//2       No.2
  20            {0x15,0x15,0x1f,0x00},//3       No.3
  21            {0x1c,0x04,0x1f,0x00},//4       No.4
  22            {0x1d,0x15,0x17,0x00},//5       No.5
  23            {0x1f,0x15,0x17,0x00},//6       No.6
  24            {0x10,0x10,0x1f,0x00},//7       No.7
  25            {0x1f,0x15,0x1f,0x00},//8       No.8
  26            {0x1d,0x15,0x1f,0x00},//9       No.9
  27            {0x01,0x00,0x00,0x00},//.       No.10
  28            {0x04,0x04,0x04,0x04},//-       No.11
  29            {0x07,0x04,0x07,0x04},//m       No.12
  30            {0x07,0x00,0x0f,0x01},//        No.13
  31            {0x07,0x01,0x0f,0x00},//W       No.14
  32            {0x00,0x00,0x00,0x00},//SPACE   No.15
  33            {0x04,0x0e,0x04,0x00},//+       No.16
  34            {0x01,0x06,0x18,0x00},///       No.17
  35            {0x0a,0x00,0x00,0x00},//:       No.18
  36            {0x0a,0x00,0x00,0x00},//        No.19
  37            {0x0a,0x00,0x00,0x00},//        No.20
  38            {0x0a,0x00,0x00,0x00},//        No.21
  39            {0x0a,0x00,0x00,0x00},//        No.22
  40            {0x0f,0x14,0x0F,0x00},//A       No.23
  41            {0x1f,0x15,0x0f,0x00},//B       No.24
  42            {0x1f,0x11,0x11,0x00},//C       No.25
  43            {0x1f,0x11,0x0E,0x00},//D       No.26
  44            {0x1f,0x15,0x15,0x00},//E       No.27
  45            {0x1f,0x14,0x14,0x00},//F       No.28
  46            {0x1f,0x11,0x17,0x00},//G       No.29
  47            {0x1f,0x04,0x1f,0x00},//H       No.30
  48            {0x00,0x1F,0x00,0x00},//I       No.31
  49            {0x03,0x01,0x1F,0x00},//J       No.32
  50            {0x1F,0x04,0x1B,0x00},//K       No.33
  51            {0x1F,0x01,0x01,0x00},//L       No.34
  52            {0x1F,0x08,0x1f,0x00},//M       No.35
C51 COMPILER V9.56.0.0   ASCII4X5                                                          10/21/2016 15:21:25 PAGE 2   

  53            {0x1F,0x0e,0x1f,0x00},//N       No.36
  54            {0x0E,0x11,0x0E,0x00},//O       No.37
  55            {0x1f,0x14,0x1C,0x00},//P       No.38
  56            {0x1f,0x11,0x0E,0x00},//Q       No.40
  57            {0x1f,0x16,0x1D,0x00},//R       No.41
  58            {0x1d,0x15,0x17,0x00},//S       No.42
  59            {0x10,0x1F,0x10,0x00},//T       No.43
  60            {0x1f,0x01,0x1f,0x00},//U       No.44
  61            {0x1e,0x01,0x1e,0x00},//V       No.45
  62            {0x1f,0x02,0x1f,0x00},//W       No.46
  63            {0x1B,0x04,0x1B,0x00},//X       No.47
  64            {0x18,0x07,0x18,0x00},//Y       No.48
  65            {0x13,0x15,0x19,0x00},//Z       No.49
  66          };
  67          


MODULE INFORMATION:   STATIC OVERLAYABLE
   CODE SIZE        =   ----    ----
   CONSTANT SIZE    =   ----    ----
   XDATA SIZE       =    196    ----
   PDATA SIZE       =   ----    ----
   DATA SIZE        =   ----    ----
   IDATA SIZE       =   ----    ----
   BIT SIZE         =   ----    ----
END OF MODULE INFORMATION.


C51 COMPILATION COMPLETE.  0 WARNING(S),  0 ERROR(S)
