C51 COMPILER V9.56.0.0   ASCII6X8                                                          10/21/2016 15:21:25 PAGE 1   


C51 COMPILER V9.56.0.0, COMPILATION OF MODULE ASCII6X8
OBJECT MODULE PLACED IN .\Objects\ASCII6x8.obj
COMPILER INVOKED BY: D:\MyProKits\MucKits\Keil\C51\BIN\C51.EXE ..\..\SrcCode\Src\Middle\Gui\Font\ASCII6x8.c LARGE OPTIMI
                    -ZE(8,SPEED) BROWSE INCDIR(..\..\SrcCode\Inc\Bsp;..\..\SrcCode\Inc\Logic;..\..\SrcCode\Inc\Middle;..\..\SrcCode\Inc\Middl
                    -e\Gui\Font;..\..\SdkTool\Si8051Base;..\..\SdkTool\EFM8UB2\Inc;..\..\SdkTool\EFM8UB2\Perip\Inc;..\..\SdkTool\EFM8UB2\Xpre
                    -ss\Inc) DEBUG OBJECTEXTEND PRINT(.\Listings\ASCII6x8.lst) TABS(2) OBJECT(.\Objects\ASCII6x8.obj)

line level    source

   1          // 6 x 8 font
   2          // 1 pixel space at left and bottom
   3          // index = ASCII - 32
   4          // 软件中上偏4个单位
   5          //BIT:LSB -> MSB, DIR:Up->Down
   6          /*
   7          | LSB A0-7  | LSB B0-7
   8          |           |
   9          |           |
  10          |           |
  11          | MSB       | MSB 
  12          
  13          扫描方式:从左到右,从上到下
  14          -|-|-|-|-|-|-|-|-|-|-|-|-|-|->
  15          -|-|-|-|-|-|-|-|-|-|-|-|-|-|->
  16          */
  17          const unsigned char ASCII[] = {
  18            0x00, 0x00, 0x00, 0x00, 0x00, 0x00 ,   // null       
  19            0x00, 0x08, 0x1c, 0x3e, 0x7f, 0x00 ,   // 1.< 箭头
  20            0x00, 0x7f, 0x3e, 0x1c, 0x08, 0x00 ,   // 2.> 箭头
  21            0x00, 0x24, 0x66, 0xe7, 0x66, 0x24 ,   // 3. SPIN
  22            0x00, 0x20, 0x63, 0xe3, 0x63, 0x20 ,   // 4. SPIN DW
  23            0x00, 0x04, 0xC6, 0xC7, 0xC6, 0x04 ,   // 5. SPIN UP
  24            0x00, 0x1c, 0x00, 0x1c, 0x00, 0x1c ,   // 6. |||
  25            0x00, 0x06, 0x09, 0x09, 0x06, 0x00 ,   // 7. °
  26            0x00, 0x60, 0x60, 0x00, 0x00, 0X00 ,   // 8. .
  27            0x1c, 0x22, 0x41, 0x4f, 0x49, 0x22 ,   // 9. 时钟符号左侧
  28            0x1c, 0x00, 0x24, 0x3e, 0x20, 0x00 ,   // 10.时钟右侧+1
  29            0x1c, 0x00, 0x3a, 0x2a, 0x2e, 0x00 ,   // 11.时钟右侧+2
  30            0x1c, 0x00, 0x2a, 0x2a, 0x3e, 0x00 ,   // 12.时钟右侧+3
  31            0x00, 0x60, 0x50, 0x50, 0x48, 0x48 ,   // 13. DR 左侧
  32            0x44, 0x44, 0x44, 0x7C, 0x00, 0x00 ,   // 14. DR 右侧
  33            0x00, 0x00, 0x00, 0x00, 0x00, 0x00 ,   // sp
  34            0x00, 0x00, 0x00, 0x00, 0x00, 0x00 ,   // sp
  35            0x00, 0x00, 0x00, 0x00, 0x00, 0x00 ,   // sp
  36            0x00, 0x00, 0x00, 0x00, 0x00, 0x00 ,   // sp
  37            0x00, 0x00, 0x00, 0x00, 0x00, 0x00 ,   // sp
  38            0x00, 0x00, 0x00, 0x00, 0x00, 0x00 ,   // sp
  39            0x00, 0x00, 0x00, 0x00, 0x00, 0x00 ,   // sp
  40            0x00, 0x00, 0x00, 0x00, 0x00, 0x00 ,   // sp
  41            0x00, 0x00, 0x00, 0x00, 0x00, 0x00 ,   // sp
  42            0x00, 0x00, 0x00, 0x00, 0x00, 0x00 ,   // sp
  43            0x00, 0x00, 0x00, 0x00, 0x00, 0x00 ,   // sp
  44            0x00, 0x00, 0x00, 0x00, 0x00, 0x00 ,   // sp
  45            0x00, 0x00, 0x00, 0x00, 0x00, 0x00 ,   // sp
  46            0x00, 0x00, 0x00, 0x00, 0x00, 0x00 ,   // sp
  47            0x00, 0x00, 0x00, 0x00, 0x00, 0x00 ,   // sp
  48            0x00, 0x00, 0x00, 0x00, 0x00, 0x00 ,   // sp
  49            0x00, 0x00, 0x00, 0x00, 0x00, 0x00 ,   // sp
  50            0x00, 0x00, 0x00, 0x00, 0x00, 0x00 ,   // sp
  51            0x00, 0x00, 0x6f, 0x6f, 0x00, 0x00 ,   // !
  52            0x00, 0x00, 0x07, 0x00, 0x07, 0x00 ,   // "
C51 COMPILER V9.56.0.0   ASCII6X8                                                          10/21/2016 15:21:25 PAGE 2   

  53            0x00, 0x14, 0x7f, 0x14, 0x7f, 0x14 ,   // #
  54            0x00, 0x24, 0x2a, 0x7f, 0x2a, 0x12 ,   // $
  55            0x00, 0x23, 0x13, 0x08, 0x64, 0x62 ,   // %
  56            0x00, 0x36, 0x49, 0x55, 0x22, 0x50 ,   // &
  57            0x00, 0x00, 0x07, 0x06, 0x00, 0x00 ,   // '
  58            0x00, 0x00, 0x1c, 0x22, 0x41, 0x00 ,   // (
  59            0x00, 0x00, 0x41, 0x22, 0x1c, 0x00 ,   // )
  60            0x00, 0x14, 0x08, 0x3E, 0x08, 0x14 ,   // *
  61            0x00, 0x08, 0x08, 0x3E, 0x08, 0x08 ,   // +
  62            0x00, 0x00, 0x00, 0xA0, 0x60, 0x00 ,   // ,
  63            0x00, 0x08, 0x08, 0x08, 0x08, 0x08 ,   // -
  64            0x00, 0x00, 0x60, 0x60, 0x00, 0x00 ,   // .
  65            0x00, 0x20, 0x10, 0x08, 0x04, 0x02 ,   // /
  66            0x00, 0x3E, 0x51, 0x49, 0x45, 0x3E ,   // 0
  67            0x00, 0x00, 0x42, 0x7F, 0x40, 0x00 ,   // 1
  68            0x00, 0x42, 0x61, 0x51, 0x49, 0x46 ,   // 2
  69            0x00, 0x21, 0x41, 0x45, 0x4B, 0x31 ,   // 3
  70            0x00, 0x18, 0x14, 0x12, 0x7F, 0x10 ,   // 4
  71            0x00, 0x27, 0x45, 0x45, 0x45, 0x39 ,   // 5
  72            0x00, 0x3C, 0x4A, 0x49, 0x49, 0x30 ,   // 6
  73            0x00, 0x01, 0x71, 0x09, 0x05, 0x03 ,   // 7
  74            0x00, 0x36, 0x49, 0x49, 0x49, 0x36 ,   // 8
  75            0x00, 0x06, 0x49, 0x49, 0x29, 0x1E ,   // 9
  76            0x00, 0x00, 0x36, 0x36, 0x00, 0x00 ,   // :
  77            0x00, 0x00, 0x56, 0x36, 0x00, 0x00 ,   // ;
  78            0x00, 0x08, 0x14, 0x22, 0x41, 0x00 ,   // <
  79            0x00, 0x14, 0x14, 0x14, 0x14, 0x14 ,   // =
  80            0x00, 0x41, 0x22, 0x14, 0x08, 0x00 ,   // >
  81            0x00, 0x02, 0x01, 0x51, 0x09, 0x06 ,   // ?
  82            0x00, 0x32, 0x49, 0x59, 0x51, 0x3E ,   // @
  83            0x00, 0x7C, 0x12, 0x11, 0x12, 0x7C ,   // A
  84            0x00, 0x7F, 0x49, 0x49, 0x49, 0x36 ,   // B
  85            0x00, 0x3E, 0x41, 0x41, 0x41, 0x22 ,   // C
  86            0x00, 0x7F, 0x41, 0x41, 0x22, 0x1C ,   // D
  87            0x00, 0x7F, 0x49, 0x49, 0x49, 0x41 ,   // E
  88            0x00, 0x7F, 0x09, 0x09, 0x09, 0x01 ,   // F
  89            0x00, 0x3E, 0x41, 0x49, 0x49, 0x7A ,   // G
  90            0x00, 0x7F, 0x08, 0x08, 0x08, 0x7F ,   // H
  91            0x00, 0x00, 0x41, 0x7F, 0x41, 0x00 ,   // I
  92            0x00, 0x20, 0x40, 0x41, 0x3F, 0x01 ,   // J
  93            0x00, 0x7F, 0x08, 0x14, 0x22, 0x41 ,   // K
  94            0x00, 0x7F, 0x40, 0x40, 0x40, 0x40 ,   // L
  95            0x00, 0x7F, 0x02, 0x0C, 0x02, 0x7F ,   // M
  96            0x00, 0x7F, 0x04, 0x08, 0x10, 0x7F ,   // N
  97            0x00, 0x3E, 0x41, 0x41, 0x41, 0x3E ,   // O
  98            0x00, 0x7F, 0x09, 0x09, 0x09, 0x06 ,   // P
  99            0x00, 0x3E, 0x41, 0x51, 0x21, 0x5E ,   // Q
 100            0x00, 0x7F, 0x09, 0x19, 0x29, 0x46 ,   // R
 101            0x00, 0x46, 0x49, 0x49, 0x49, 0x31 ,   // S
 102            0x00, 0x01, 0x01, 0x7F, 0x01, 0x01 ,   // T
 103            0x00, 0x3F, 0x40, 0x40, 0x40, 0x3F ,   // U
 104            0x00, 0x1F, 0x20, 0x40, 0x20, 0x1F ,   // V
 105            0x00, 0x3F, 0x40, 0x38, 0x40, 0x3F ,   // W
 106            0x00, 0x63, 0x14, 0x08, 0x14, 0x63 ,   // X
 107            0x00, 0x07, 0x08, 0x70, 0x08, 0x07 ,   // Y
 108            0x00, 0x61, 0x51, 0x49, 0x45, 0x43 ,   // Z
 109            0x00, 0x00, 0x7F, 0x41, 0x41, 0x00 ,   // [
 110            0x00, 0x55, 0x2A, 0x55, 0x2A, 0x55 ,   // 55
 111            0x00, 0x00, 0x41, 0x41, 0x7F, 0x00 ,   // ]
 112            0x00, 0x04, 0x02, 0x01, 0x02, 0x04 ,   // ^
 113            0x00, 0x40, 0x40, 0x40, 0x40, 0x40 ,   // _
 114            0x00, 0x00, 0x06, 0x07, 0x00, 0x00 ,   // ' 
C51 COMPILER V9.56.0.0   ASCII6X8                                                          10/21/2016 15:21:25 PAGE 3   

 115            0x00, 0x20, 0x54, 0x54, 0x54, 0x78 ,   // a
 116            0x00, 0x7F, 0x48, 0x44, 0x44, 0x38 ,   // b
 117            0x00, 0x38, 0x44, 0x44, 0x44, 0x20 ,   // c
 118            0x00, 0x38, 0x44, 0x44, 0x48, 0x7F ,   // d
 119            0x00, 0x38, 0x54, 0x54, 0x54, 0x18 ,   // e
 120            0x00, 0x08, 0x7E, 0x09, 0x01, 0x02 ,   // f
 121            0x00, 0x18, 0xA4, 0xA4, 0xA4, 0x7C ,   // g
 122            0x00, 0x7F, 0x08, 0x04, 0x04, 0x78 ,   // h
 123            0x00, 0x00, 0x44, 0x7D, 0x40, 0x00 ,   // i
 124            0x00, 0x40, 0x80, 0x84, 0x7D, 0x00 ,   // j
 125            0x00, 0x7F, 0x10, 0x28, 0x44, 0x00 ,   // k
 126            0x00, 0x00, 0x41, 0x7F, 0x40, 0x00 ,   // l
 127            0x00, 0x7C, 0x04, 0x18, 0x04, 0x78 ,   // m
 128            0x00, 0x7C, 0x08, 0x04, 0x04, 0x78 ,   // n
 129            0x00, 0x38, 0x44, 0x44, 0x44, 0x38 ,   // o
 130            0x00, 0xFC, 0x24, 0x24, 0x24, 0x18 ,   // p
 131            0x00, 0x18, 0x24, 0x24, 0x18, 0xFC ,   // q
 132            0x00, 0x7C, 0x08, 0x04, 0x04, 0x08 ,   // r
 133            0x00, 0x48, 0x54, 0x54, 0x54, 0x20 ,   // s
 134            0x00, 0x04, 0x3F, 0x44, 0x40, 0x20 ,   // t
 135            0x00, 0x3C, 0x40, 0x40, 0x20, 0x7C ,   // u
 136            0x00, 0x1C, 0x20, 0x40, 0x20, 0x1C ,   // v
 137            0x00, 0x3C, 0x40, 0x30, 0x40, 0x3C ,   // w
 138            0x00, 0x44, 0x28, 0x10, 0x28, 0x44 ,   // x
 139            0x00, 0x1C, 0xA0, 0xA0, 0xA0, 0x7C ,   // y
 140            0x00, 0x44, 0x64, 0x54, 0x4C, 0x44 ,   // z
 141            0x00, 0x00, 0x08, 0x3e, 0x41, 0x00 ,   // {
 142            0x00, 0x00, 0x00, 0x7e, 0x00, 0x00 ,   // |
 143            0x00, 0x41, 0x3e, 0x08, 0x00, 0x00 ,   // }
 144            0x00, 0x10, 0x08, 0x10, 0x10, 0x08 ,   // ~
 145          };


MODULE INFORMATION:   STATIC OVERLAYABLE
   CODE SIZE        =   ----    ----
   CONSTANT SIZE    =   ----    ----
   XDATA SIZE       =    762    ----
   PDATA SIZE       =   ----    ----
   DATA SIZE        =   ----    ----
   IDATA SIZE       =   ----    ----
   BIT SIZE         =   ----    ----
END OF MODULE INFORMATION.


C51 COMPILATION COMPLETE.  0 WARNING(S),  0 ERROR(S)
