C51 COMPILER V9.56.0.0   HZK16X24                                                          10/21/2016 15:21:26 PAGE 1   


C51 COMPILER V9.56.0.0, COMPILATION OF MODULE HZK16X24
OBJECT MODULE PLACED IN .\Objects\HZK16x24.obj
COMPILER INVOKED BY: D:\MyProKits\MucKits\Keil\C51\BIN\C51.EXE ..\..\SrcCode\Src\Middle\Gui\Font\HZK16x24.c LARGE OPTIMI
                    -ZE(8,SPEED) BROWSE INCDIR(..\..\SrcCode\Inc\Bsp;..\..\SrcCode\Inc\Logic;..\..\SrcCode\Inc\Middle;..\..\SrcCode\Inc\Middl
                    -e\Gui\Font;..\..\SdkTool\Si8051Base;..\..\SdkTool\EFM8UB2\Inc;..\..\SdkTool\EFM8UB2\Perip\Inc;..\..\SdkTool\EFM8UB2\Xpre
                    -ss\Inc) DEBUG OBJECTEXTEND PRINT(.\Listings\HZK16x24.lst) TABS(2) OBJECT(.\Objects\HZK16x24.obj)

line level    source

   1          /*******************************************
   2                       Chinese font library
   3                       Rev:V3
   4          *******************************************/
   5          
   6          /*
   7          | LSB A0-7  | LSB B0-7
   8          |           |
   9          |           |
  10          |           |
  11          | MSB       | MSB 
  12          
  13          | LSB A8-15 | LSB B8-15
  14          |           |
  15          |           |
  16          |           |
  17          | MSB       | MSB 
  18          扫描方式:从左到右,从上到下
  19          -|-|-|-|-|-|-|-|-|-|-|-|-|-|->
  20          -|-|-|-|-|-|-|-|-|-|-|-|-|-|->
  21          */
  22          
  23          #include "P_ResFont.h"
  24          
  25          // 12*12
  26          // BIT:LSB -> MSB, DIR:Up->Down
  27          
  28          const unsigned char HZK[HZNUM*26] = {
  29            0xbf,0xaa,/* 开 */  0x00,0x20,0x22,0x22,0xfe,0x22,0x22,0x22,0xfe,0x22,0x22,0x20,0x00,0x08,0x04,0x03,0x00,
             -0x00,0x00,0x00,0x0f,0x00,0x00,0x00,
  30            0xb9,0xd8,/* 关 */  0x00,0x80,0x90,0x90,0x92,0x94,0xf0,0x94,0x92,0x90,0x90,0x80,0x00,0x08,0x08,0x04,0x04,
             -0x02,0x01,0x02,0x04,0x04,0x08,0x08,
  31            0xce,0xb4,/* 未 */  0x00,0x40,0x48,0x48,0x48,0x48,0xfe,0x48,0x48,0x48,0x48,0x40,0x00,0x08,0x04,0x02,0x01,
             -0x00,0x0f,0x00,0x01,0x02,0x04,0x08,
  32            0xb8,0xb4,/* 复 */  0x00,0x10,0x08,0x7c,0xd6,0x54,0x54,0x54,0x54,0x54,0x7c,0x04,0x00,0x02,0x0a,0x09,0x09,
             -0x0b,0x05,0x05,0x0b,0x09,0x08,0x08,
  33            0xce,0xbb,/* 位 */  0x00,0x20,0xf8,0x06,0x08,0x68,0x88,0x0a,0x0c,0x88,0x68,0x08,0x00,0x00,0x0f,0x00,0x08,
             -0x08,0x09,0x0c,0x0a,0x09,0x08,0x08,
  34            0xd3,0xcd,/* 油 */  0x00,0x10,0x24,0x88,0x00,0xf8,0x88,0x88,0xfe,0x88,0x88,0xf8,0x00,0x04,0x02,0x01,0x00,
             -0x0f,0x04,0x04,0x07,0x04,0x04,0x0f,
  35            0xc3,0xc5,/* 门 */  0x00,0xf8,0x02,0x0c,0x00,0x04,0x04,0x04,0x04,0x04,0x04,0xfc,0x00,0x0f,0x00,0x00,0x00,
             -0x00,0x00,0x00,0x00,0x08,0x08,0x0f,
  36            0xd2,0xa1,/* 摇 */  0x00,0x90,0xfe,0x50,0x04,0x64,0x4c,0xd4,0x42,0x52,0x0a,0x00,0x00,0x08,0x0f,0x00,0x0d,
             -0x09,0x09,0x0f,0x09,0x09,0x0d,0x00,
  37            0xb8,0xcb,/* 杆 */  0x00,0x10,0xd0,0xfe,0x90,0x40,0x44,0x44,0xfc,0x44,0x44,0x40,0x00,0x03,0x00,0x0f,0x00,
             -0x00,0x00,0x00,0x0f,0x00,0x00,0x00,
  38            0xca,0xb9,/* 使 */  0x00,0x20,0xf8,0x06,0xe8,0xa8,0xa8,0xfe,0xa8,0xa8,0xe8,0x00,0x00,0x00,0x0f,0x00,0x09,
             -0x0a,0x04,0x0b,0x08,0x08,0x09,0x08,
  39            0xd3,0xc3,/* 用 */  0x00,0x00,0xfe,0x92,0x92,0x92,0xfe,0x92,0x92,0x92,0xfe,0x00,0x00,0x08,0x07,0x00,0x00,
             -0x00,0x07,0x00,0x08,0x08,0x0f,0x00,
  40            0xc4,0xac,/* 默 */  0x00,0xbe,0xaa,0xfe,0xaa,0xaa,0xbe,0x00,0x10,0xfe,0x14,0x18,0x00,0x0a,0x02,0x0b,0x02,
             -0x0a,0x02,0x0c,0x03,0x00,0x03,0x0c,
C51 COMPILER V9.56.0.0   HZK16X24                                                          10/21/2016 15:21:26 PAGE 2   

  41            0xc8,0xcf,/* 认 */  0x00,0x12,0x14,0xf0,0x00,0x00,0x00,0x80,0x7e,0x80,0x00,0x00,0x00,0x00,0x00,0x0f,0x02,
             -0x09,0x06,0x01,0x00,0x01,0x06,0x08,
  42            0xc5,0xe4,/* 配 */  0x00,0xfa,0x4a,0x7e,0x0a,0x7e,0x4a,0xfa,0x00,0xe2,0x22,0x3e,0x00,0x0f,0x05,0x05,0x05,
             -0x05,0x05,0x0f,0x00,0x07,0x08,0x0e,
  43            0xd6,0xc3,/* 置 */  0x00,0x20,0x2e,0xea,0xaa,0xae,0xba,0xae,0xaa,0xea,0x2e,0x20,0x00,0x08,0x08,0x0f,0x0a,
             -0x0a,0x0a,0x0a,0x0a,0x0f,0x08,0x08,
  44            0xb1,0xa3,/* 保 */  0x00,0x20,0x18,0xf6,0x00,0x5e,0x52,0x52,0xf2,0x52,0x52,0x5e,0x00,0x00,0x00,0x0f,0x00,
             -0x04,0x02,0x01,0x0f,0x01,0x02,0x04,
  45            0xb4,0xe6,/* 存 */  0x00,0x44,0xf4,0x0c,0x06,0x14,0x14,0x14,0xd4,0x34,0x14,0x04,0x00,0x00,0x0f,0x00,0x01,
             -0x01,0x09,0x09,0x0f,0x01,0x01,0x01,
  46            0xd2,0xa3,/* 遥 */  0x00,0x12,0xf4,0x00,0x62,0x56,0x5a,0xf6,0x52,0x56,0x52,0x00,0x00,0x08,0x07,0x08,0x0b,
             -0x0a,0x0a,0x0b,0x0a,0x0a,0x0b,0x08,
  47            0xbf,0xd8,/* 控 */  0x00,0x90,0xfe,0x50,0x0c,0xa4,0x94,0x84,0x86,0x94,0xa4,0x0c,0x00,0x08,0x0f,0x00,0x08,
             -0x08,0x08,0x08,0x0f,0x08,0x08,0x08,
  48            0xc6,0xf7,/* 器 */  0x00,0x20,0x2e,0x2a,0xaa,0x6e,0x30,0x6e,0xaa,0x3a,0x2e,0x20,0x00,0x02,0x0e,0x0b,0x0a,
             -0x0e,0x00,0x0e,0x0a,0x0b,0x0e,0x02,
  49            0xce,0xde,/* 无 */  0x00,0x20,0x22,0x22,0x22,0x22,0xfe,0x22,0x22,0x22,0x22,0x20,0x00,0x08,0x08,0x04,0x02,
             -0x01,0x00,0x07,0x08,0x08,0x08,0x0e,
  50            0xb7,0xa8,/* 法 */  0x00,0x24,0x48,0x00,0x48,0x48,0x48,0xfe,0x48,0x48,0x48,0x40,0x00,0x0c,0x02,0x09,0x0c,
             -0x0a,0x09,0x08,0x08,0x0a,0x0c,0x08,
  51            0xd0,0xb4,/* 写 */  0x00,0x06,0x62,0x52,0x5a,0x56,0x52,0x52,0x52,0x5a,0xd2,0x06,0x00,0x01,0x01,0x01,0x01,
             -0x01,0x05,0x09,0x09,0x04,0x03,0x00,
  52            0xc8,0xeb,/* 入 */  0x00,0x00,0x00,0x02,0x02,0xe4,0x18,0xe0,0x00,0x00,0x00,0x00,0x00,0x08,0x04,0x02,0x01,
             -0x00,0x00,0x00,0x01,0x02,0x04,0x08,
  53            0xb4,0xf2,/* 打 */  0x00,0x08,0x88,0xfe,0x48,0x08,0x04,0x04,0x04,0xfc,0x04,0x04,0x00,0x05,0x08,0x0f,0x00,
             -0x00,0x00,0x04,0x08,0x0f,0x00,0x00,
  54            0xb1,0xd5,/* 闭 */  0x00,0xf8,0x02,0x24,0x20,0x24,0xa4,0xf4,0x24,0x24,0x04,0xfc,0x00,0x0f,0x00,0x04,0x02,
             -0x01,0x04,0x07,0x00,0x08,0x08,0x0f,
  55            0xc6,0xf4,/* 启 */  0x00,0x00,0xfc,0x24,0xa4,0xa4,0xa6,0xa4,0xa4,0xa4,0xa4,0xbc,0x00,0x0c,0x03,0x00,0x0f,
             -0x04,0x04,0x04,0x04,0x04,0x04,0x0f,
  56            0xd5,0xfd,/* 正 */  0x00,0x02,0x02,0xf2,0x02,0x02,0xfe,0x22,0x22,0x22,0x22,0x02,0x00,0x08,0x08,0x0f,0x08,
             -0x08,0x0f,0x08,0x08,0x08,0x08,0x08,
  57            0xb7,0xb4,/* 反 */  0x00,0x00,0xfc,0x24,0xe4,0x24,0x24,0x24,0xa2,0x62,0x02,0x02,0x00,0x0f,0x00,0x08,0x08,
             -0x05,0x02,0x03,0x04,0x04,0x08,0x08,
  58            0xb2,0xbb,/* 不 */  0x00,0x02,0x02,0x82,0x42,0x22,0xf2,0x0e,0x22,0x42,0x82,0x02,0x00,0x00,0x01,0x00,0x00,
             -0x00,0x0f,0x00,0x00,0x00,0x00,0x00,
  59            0xd6,0xb4,/* 执 */  0x00,0x88,0xfe,0x48,0x00,0x08,0x48,0xfe,0x08,0x08,0xf8,0x00,0x00,0x08,0x0f,0x00,0x08,
             -0x04,0x03,0x00,0x03,0x00,0x07,0x08,
  60            0xd0,0xd0,/* 行 */  0x00,0x48,0xe4,0x12,0x20,0x24,0x24,0x24,0x24,0xe4,0x24,0x20,0x00,0x00,0x0f,0x00,0x00,
             -0x00,0x00,0x08,0x08,0x0f,0x00,0x00,
  61            0xc8,0xab,/* 全 */  0x00,0x20,0x20,0x10,0x28,0x24,0xe2,0x24,0x28,0x10,0x20,0x20,0x00,0x08,0x08,0x09,0x09,
             -0x09,0x0f,0x09,0x09,0x09,0x08,0x08,
  62            0xb2,0xbf,/* 部 */  0x00,0x44,0x4c,0x56,0x74,0x4c,0x44,0x00,0xfc,0x04,0x64,0x9c,0x00,0x0f,0x05,0x05,0x05,
             -0x05,0x0f,0x00,0x0f,0x02,0x02,0x01,
  63            0xc8,0xd5,/* 日 */  0x00,0x00,0x00,0xfe,0x22,0x22,0x22,0x22,0x22,0xfe,0x00,0x00,0x00,0x00,0x00,0x0f,0x02,
             -0x02,0x02,0x02,0x02,0x0f,0x00,0x00,
  64            0xb1,0xbe,/* 本 */  0x00,0x08,0x08,0x88,0x48,0x28,0xfe,0x28,0x48,0x88,0x08,0x08,0x00,0x02,0x01,0x02,0x02,
             -0x02,0x0f,0x02,0x02,0x02,0x01,0x02,
  65            0xca,0xd6,/* 手 */  0x00,0x00,0x24,0x24,0x24,0x24,0xfc,0x22,0x22,0x22,0x22,0x00,0x00,0x01,0x01,0x01,0x09,
             -0x09,0x07,0x01,0x01,0x01,0x01,0x01,
  66            0xc3,0xc0,/* 美 */  0x00,0x44,0x54,0x54,0x56,0x54,0xfc,0x54,0x56,0x54,0x54,0x44,0x00,0x09,0x09,0x09,0x05,
             -0x05,0x03,0x05,0x05,0x09,0x09,0x09,
  67            0xb9,0xfa,/* 国 */  0x00,0xfe,0x02,0x2a,0x2a,0x2a,0xfa,0x2a,0x6a,0xaa,0x02,0xfe,0x00,0x0f,0x05,0x05,0x05,
             -0x05,0x05,0x05,0x05,0x05,0x05,0x0f,
  68            0xc4,0xf8,/* 镍 */  0x00,0x54,0xf6,0x54,0x00,0x7c,0x54,0x56,0xd4,0x54,0x54,0x7c,0x00,0x00,0x0f,0x04,0x02,
             -0x09,0x05,0x01,0x0f,0x01,0x05,0x09,
  69            0xb5,0xe7,/* 电 */  0x00,0xf8,0x48,0x48,0x48,0xfe,0x48,0x48,0x48,0xf8,0x00,0x00,0x00,0x03,0x02,0x02,0x02,
             -0x0f,0x0a,0x0a,0x0a,0x0b,0x08,0x0c,
  70            0xbc,0xee,/* 碱 */  0x00,0xf4,0x1c,0xf4,0x00,0xf8,0xa8,0xa8,0x08,0xfe,0x88,0x6c,0x00,0x07,0x02,0x09,0x04,
             -0x03,0x02,0x0b,0x04,0x03,0x04,0x0e,
  71            0xd0,0xd4,/* 性 */  0x00,0xc0,0xfe,0x10,0x40,0xbc,0x90,0x90,0xfe,0x90,0x90,0x00,0x00,0x00,0x0f,0x00,0x08,
             -0x08,0x08,0x08,0x0f,0x08,0x08,0x08,
C51 COMPILER V9.56.0.0   HZK16X24                                                          10/21/2016 15:21:26 PAGE 3   

  72            0xef,0xae,/* 锂 */  0x00,0xb0,0xee,0xa8,0x00,0x3e,0x2a,0x2a,0xfe,0x2a,0x2a,0x3e,0x00,0x00,0x0f,0x04,0x02,
             -0x09,0x09,0x09,0x0f,0x09,0x09,0x09,
  73            0xb9,0xcc,/* 固 */  0x00,0xfe,0x02,0xea,0x2a,0x2a,0x3e,0x2a,0x2a,0xea,0x02,0xfe,0x00,0x0f,0x04,0x05,0x05,
             -0x05,0x05,0x05,0x05,0x05,0x04,0x0f,
  74            0xb6,0xa8,/* 定 */  0x00,0x0c,0x14,0xd4,0x14,0x14,0xf6,0x94,0x94,0x94,0x14,0x0c,0x00,0x08,0x04,0x03,0x04,
             -0x08,0x0f,0x08,0x08,0x08,0x08,0x08,
  75            0xd2,0xed,/* 翼 */  0x00,0x8a,0xfe,0xaa,0xaa,0xae,0xf8,0xaa,0xae,0xaa,0xfa,0x86,0x00,0x02,0x0a,0x06,0x03,
             -0x02,0x02,0x02,0x03,0x06,0x0a,0x02,
  76            0xd6,0xb1,/* 直 */  0x00,0x04,0x04,0xf4,0x54,0x54,0x5e,0x94,0x94,0xf4,0x04,0x04,0x00,0x08,0x08,0x0f,0x09,
             -0x09,0x0a,0x0a,0x0a,0x0f,0x08,0x08,
  77            0xc9,0xfd,/* 升 */  0x00,0x24,0x24,0x24,0xfe,0x22,0x22,0x20,0xfe,0x20,0x20,0x20,0x00,0x08,0x04,0x02,0x01,
             -0x00,0x00,0x00,0x0f,0x00,0x00,0x00,
  78            0xbb,0xfa,/* 机 */  0x00,0x88,0x68,0xfe,0x48,0x88,0x00,0xfc,0x04,0x04,0xfc,0x00,0x00,0x01,0x00,0x0f,0x00,
             -0x08,0x04,0x03,0x00,0x00,0x07,0x08,
  79            0xbd,0xfb,/* 禁 */  0x00,0x24,0x54,0x7e,0x54,0x64,0x40,0x64,0x54,0x7e,0x54,0x24,0x00,0x01,0x09,0x05,0x01,
             -0x09,0x0f,0x01,0x01,0x05,0x09,0x01,
  80            0xd6,0xc6,/* 制 */  0x00,0xd8,0x56,0x54,0xfe,0x54,0x54,0xd4,0x00,0xf8,0x00,0xfe,0x00,0x07,0x00,0x00,0x0f,
             -0x00,0x04,0x07,0x00,0x09,0x08,0x0f,
  81            0xb8,0xb1,/* 副 */  0x00,0x82,0xba,0xaa,0xaa,0xaa,0xba,0x82,0x00,0xf8,0x00,0xfe,0x00,0x0f,0x0a,0x0a,0x0f,
             -0x0a,0x0a,0x0f,0x00,0x01,0x08,0x0f,
  82            0xbd,0xb5,/* 降 */  0x00,0xfe,0x12,0xaa,0x44,0x08,0xa6,0xac,0xd4,0x94,0xac,0x24,0x00,0x0f,0x01,0x00,0x00,
             -0x02,0x03,0x02,0x0f,0x02,0x02,0x02,
  83            0xb7,0xbd,/* 方 */  0x00,0x08,0x08,0x08,0x88,0x7a,0x2c,0x28,0x28,0xe8,0x08,0x08,0x00,0x08,0x04,0x02,0x01,
             -0x00,0x04,0x08,0x04,0x03,0x00,0x00,
  84            0xcf,0xf2,/* 向 */  0x00,0xfc,0x04,0x04,0xe6,0x25,0x24,0x24,0xe4,0x04,0x04,0xfc,0x00,0x0f,0x00,0x00,0x03,
             -0x01,0x01,0x01,0x03,0x08,0x08,0x0f,
  85            0xc6,0xf0,/* 起 */  0x00,0x28,0x28,0xfe,0xa8,0xa8,0x00,0xe4,0x24,0x24,0x3c,0x80,0x00,0x0e,0x01,0x07,0x04,
             -0x08,0x08,0x09,0x0a,0x0a,0x0a,0x0b,
  86            0xc2,0xe4,/* 落 */  0x00,0x44,0x94,0x2e,0x44,0x34,0x64,0xa4,0xa4,0x6e,0x24,0x04,0x00,0x08,0x04,0x01,0x04,
             -0x0e,0x0b,0x0a,0x0a,0x0b,0x0e,0x04,
  87            0xbc,0xdc,/* 架 */  0x00,0x44,0x3e,0x04,0x44,0x3c,0x80,0x3c,0x24,0x24,0x3c,0x00,0x00,0x01,0x09,0x05,0x03,
             -0x01,0x0f,0x01,0x03,0x05,0x09,0x01,
  88            0xbd,0xf3,/* 襟 */  0x00,0x4a,0xec,0x58,0x24,0x94,0xbe,0xa4,0x94,0xbe,0x94,0x24,0x00,0x00,0x0f,0x01,0x0a,
             -0x06,0x02,0x0a,0x0e,0x02,0x06,0x0a,
  89            0xb8,0xa8,/* 辅 */  0x00,0x74,0x4e,0xf4,0x40,0xf4,0x54,0x54,0xfe,0x54,0x54,0xf6,0x00,0x04,0x02,0x0f,0x01,
             -0x0f,0x01,0x01,0x07,0x09,0x09,0x0f,
  90            0xd6,0xfa,/* 助 */  0x00,0xfc,0x94,0x94,0x94,0xfc,0x00,0x08,0x08,0xfe,0x08,0xf8,0x00,0x07,0x04,0x04,0x02,
             -0x03,0x0a,0x08,0x04,0x03,0x08,0x0f,
  91            0xcd,0xd3,/* 陀 */  0x00,0xfc,0x24,0x54,0x8c,0x00,0x18,0xe8,0x0a,0x8c,0x48,0x18,0x00,0x0f,0x02,0x01,0x00,
             -0x00,0x00,0x07,0x09,0x08,0x08,0x0e,
  92            0xc2,0xdd,/* 螺 */  0x00,0xf8,0x88,0xfe,0x88,0xf8,0x00,0xbe,0x6a,0xbe,0x6a,0xbe,0x00,0x04,0x04,0x07,0x04,
             -0x0e,0x09,0x05,0x09,0x0f,0x05,0x09,
  93            0xbe,0xe0,/* 距 */  0x00,0x1e,0x92,0x12,0xf2,0x9e,0x00,0xfe,0x12,0x12,0x12,0xf2,0x00,0x08,0x0f,0x08,0x07,
             -0x04,0x00,0x0f,0x09,0x09,0x09,0x09,
  94            0xd6,0xd8,/* 重 */  0x00,0x08,0xfa,0xaa,0xaa,0xaa,0xfe,0xaa,0xaa,0xaa,0xfa,0x08,0x00,0x08,0x0a,0x0a,0x0a,
             -0x0a,0x0f,0x0a,0x0a,0x0a,0x0a,0x08,
  95            0xc1,0xa6,/* 力 */  0x00,0x08,0x08,0x08,0x08,0x08,0xfe,0x08,0x08,0x08,0x08,0xf8,0x00,0x08,0x08,0x04,0x02,
             -0x01,0x00,0x08,0x08,0x08,0x04,0x03,
  96            0xd2,0xfe,/* 隐 */  0x00,0xfe,0x12,0xee,0x10,0x48,0x56,0x54,0x54,0x5c,0xf0,0x00,0x00,0x0f,0x01,0x08,0x06,
             -0x05,0x0b,0x0d,0x09,0x0d,0x03,0x0c,
  97            0xb2,0xd8,/* 藏 */  0x00,0xba,0xa2,0xfa,0x0c,0xea,0xaa,0xec,0xaa,0xfa,0x0e,0xca,0x00,0x0b,0x08,0x07,0x00,
             -0x0f,0x0a,0x0e,0x0b,0x04,0x07,0x0c,
  98            0xbc,0xc6,/* 计 */  0x00,0x10,0x12,0xf4,0x00,0x20,0x20,0x20,0xfe,0x20,0x20,0x20,0x00,0x00,0x00,0x0f,0x04,
             -0x02,0x00,0x00,0x0f,0x00,0x00,0x00,
  99            0xca,0xb1,/* 时 */  0x00,0xfc,0x24,0x24,0xfc,0x00,0x28,0xc8,0x08,0xfe,0x08,0x08,0x00,0x07,0x02,0x02,0x07,
             -0x00,0x00,0x08,0x08,0x0f,0x00,0x00,
 100            0xb5,0xb9,/* 倒 */  0x00,0x10,0xf8,0x06,0x34,0xec,0x24,0x74,0x00,0xf8,0x00,0xfe,0x00,0x00,0x0f,0x00,0x09,
             -0x0f,0x05,0x05,0x00,0x01,0x08,0x0f,
 101            0xb5,0xa5,/* 单 */  0x00,0x00,0xf8,0xa8,0xaa,0xac,0xf8,0xac,0xaa,0xa8,0xf8,0x00,0x00,0x02,0x02,0x02,0x02,
             -0x02,0x0f,0x02,0x02,0x02,0x02,0x02,
 102            0xb6,0xe6,/* 舵 */  0x00,0x40,0xfc,0x56,0x44,0xfc,0x00,0x0c,0xe6,0x84,0x44,0x2c,0x00,0x0c,0x03,0x09,0x08,
             -0x0f,0x00,0x00,0x07,0x08,0x08,0x0e,
C51 COMPILER V9.56.0.0   HZK16X24                                                          10/21/2016 15:21:26 PAGE 4   

 103            0xb3,0xa3,/* 常 */  0x00,0x18,0x08,0xea,0xac,0xa8,0xae,0xa8,0xac,0xea,0x08,0x18,0x00,0x00,0x06,0x02,0x02,
             -0x02,0x0f,0x02,0x02,0x02,0x06,0x00,
 104            0xc1,0xc1,/* 亮 */  0x00,0xc4,0x44,0x74,0x54,0x54,0x56,0x54,0x54,0x74,0x44,0xc4,0x00,0x08,0x08,0x04,0x03,
             -0x01,0x01,0x01,0x07,0x08,0x08,0x0c,
 105            0xc3,0xeb,/* 秒 */  0x00,0x24,0xa4,0xfc,0x22,0x80,0x70,0x00,0xfe,0x00,0xb0,0x40,0x00,0x02,0x01,0x0f,0x01,
             -0x08,0x08,0x04,0x02,0x01,0x00,0x00,
 106            0xc7,0xfa,/* 曲 */  0x00,0xf8,0x48,0x48,0xfe,0x48,0x48,0xfe,0x48,0x48,0xf8,0x00,0x00,0x0f,0x04,0x04,0x07,
             -0x04,0x04,0x07,0x04,0x04,0x0f,0x00,
 107            0xcf,0xdf,/* 线 */  0x00,0x30,0xa8,0x66,0x10,0x00,0x50,0x50,0xfe,0x28,0xaa,0x2c,0x00,0x09,0x09,0x05,0x05,
             -0x08,0x04,0x02,0x03,0x05,0x08,0x0e,
 108            0xb9,0xe6,/* 规 */  0x00,0x40,0x48,0xfe,0x48,0x40,0xfe,0x02,0xfa,0x02,0xfe,0x00,0x00,0x08,0x06,0x01,0x06,
             -0x08,0x04,0x03,0x00,0x07,0x08,0x0e,
 109            0xcc,0xd8,/* 特 */  0x00,0x9c,0x88,0xfe,0x48,0xa0,0xa8,0xa8,0xbe,0xe8,0xa8,0xa0,0x00,0x00,0x00,0x0f,0x00,
             -0x00,0x01,0x02,0x08,0x0f,0x00,0x00,
 110            0xbc,0xbc,/* 技 */  0x00,0x88,0xfe,0x88,0x00,0x48,0xc8,0x48,0x7e,0x48,0xc8,0x48,0x00,0x08,0x0f,0x00,0x00,
             -0x08,0x08,0x05,0x02,0x05,0x08,0x08,
 111            0xcb,0xf8,/* 锁 */  0x00,0x88,0xf6,0x94,0x94,0x00,0xf4,0x10,0xde,0x10,0xf4,0x00,0x00,0x00,0x0f,0x08,0x04,
             -0x08,0x05,0x02,0x01,0x02,0x05,0x08,
 112            0xd4,0xda,/* 在 */  0x00,0x48,0xa8,0x18,0x0c,0x8a,0x88,0x88,0xe8,0x88,0x88,0x08,0x00,0x00,0x0f,0x00,0x04,
             -0x04,0x04,0x04,0x07,0x04,0x06,0x04,
 113            0xb6,0xd4,/* 对 */  0x00,0x34,0xc4,0x04,0xc4,0x3c,0x00,0x50,0x90,0x10,0xfe,0x10,0x00,0x08,0x06,0x01,0x02,
             -0x0c,0x00,0x00,0x09,0x08,0x0f,0x00,
 114            0xc2,0xeb,/* 码 */  0x00,0x44,0xfc,0x24,0xe4,0x02,0x7a,0x42,0x42,0x42,0x7e,0xc0,0x00,0x00,0x07,0x02,0x07,
             -0x00,0x01,0x01,0x01,0x09,0x08,0x07,
 115            0xcd,0xa8,/* 通 */  0x00,0x12,0xf4,0x00,0xfa,0xaa,0xae,0xfa,0xae,0xaa,0xf8,0x00,0x00,0x08,0x07,0x08,0x0b,
             -0x08,0x08,0x0b,0x08,0x0a,0x0b,0x08,
 116            0xb5,0xc0,/* 道 */  0x00,0x12,0x14,0xf0,0x04,0xf4,0x56,0x5c,0x54,0x56,0xf4,0x04,0x00,0x08,0x04,0x03,0x04,
             -0x0b,0x09,0x09,0x09,0x09,0x0b,0x08,
 117            0xd3,0xb3,/* 映 */  0x00,0xfe,0x22,0x22,0xfe,0x80,0xf8,0x88,0xfe,0x88,0xf8,0x80,0x00,0x07,0x02,0x02,0x07,
             -0x08,0x04,0x02,0x01,0x02,0x04,0x08,
 118            0xc9,0xe4,/* 射 */  0x00,0xfc,0x56,0x54,0x54,0xfc,0x00,0x50,0x90,0x10,0xfe,0x10,0x00,0x09,0x05,0x03,0x09,
             -0x0f,0x00,0x00,0x09,0x08,0x0f,0x00,
 119            0xb1,0xe0,/* 编 */  0x00,0xb8,0x66,0x10,0x00,0xfc,0x54,0xd6,0x54,0xd4,0x54,0xdc,0x00,0x09,0x09,0x04,0x08,
             -0x07,0x01,0x07,0x01,0x07,0x09,0x0f,
 120            0xbc,0xad,/* 辑 */  0x00,0x68,0x58,0xee,0x48,0x10,0xf6,0x5a,0x5a,0x5a,0xf6,0x10,0x00,0x02,0x02,0x0f,0x01,
             -0x04,0x07,0x05,0x05,0x05,0x0f,0x02,
 121            0xd1,0xb6,/* 讯 */  0x00,0x12,0x14,0xf0,0x00,0x22,0xfe,0x22,0x22,0xfe,0x00,0x00,0x00,0x00,0x00,0x0f,0x04,
             -0x00,0x0f,0x00,0x00,0x07,0x08,0x0e,
 122            0xd7,0xd4,/* 自 */  0x00,0x00,0xf8,0x28,0x2c,0x2a,0x68,0x48,0x48,0x48,0xf8,0x00,0x00,0x00,0x0f,0x09,0x09,
             -0x09,0x0b,0x0a,0x0a,0x0a,0x0f,0x00,
 123            0xb6,0xaf,/* 动 */  0x00,0x10,0xd2,0x32,0x12,0x10,0x08,0x08,0xfe,0x08,0x08,0xf8,0x00,0x03,0x02,0x02,0x0b,
             -0x08,0x04,0x03,0x00,0x00,0x08,0x0f,
 124            0xc4,0xa3,/* 模 */  0x00,0x88,0x68,0xfe,0x48,0x02,0xfa,0xae,0xaa,0xae,0xfa,0x02,0x00,0x01,0x00,0x0f,0x00,
             -0x0a,0x0a,0x06,0x03,0x06,0x0a,0x0a,
 125            0xd0,0xcd,/* 型 */  0x00,0x8a,0x4a,0x3e,0x0a,0x7e,0x0a,0x00,0x3c,0x80,0xfe,0x00,0x00,0x08,0x0a,0x0a,0x0a,
             -0x0a,0x0f,0x0a,0x0a,0x0a,0x0a,0x08,
 126            0xc3,0xfb,/* 名 */  0x00,0x10,0x88,0x84,0xce,0xd4,0xa4,0x94,0x94,0x8c,0x84,0x80,0x00,0x01,0x00,0x00,0x0f,
             -0x04,0x04,0x04,0x04,0x04,0x04,0x0f,
 127            0xb3,0xc6,/* 称 */  0x00,0x24,0xa4,0xfa,0xa2,0x20,0x10,0xce,0x08,0xe8,0xa8,0x18,0x00,0x02,0x01,0x0f,0x00,
             -0x04,0x02,0x01,0x08,0x0f,0x00,0x07,
 128            0xd1,0xa1,/* 选 */  0x00,0x20,0x24,0xe8,0x00,0x50,0x4c,0xc8,0x7e,0xc8,0x48,0x40,0x00,0x08,0x04,0x03,0x04,
             -0x0c,0x0a,0x09,0x08,0x0b,0x0c,0x0b,
 129            0xd4,0xf1,/* 择 */  0x00,0x88,0xfe,0x48,0x00,0x22,0xae,0x92,0xd2,0xaa,0xa6,0x20,0x00,0x08,0x0f,0x00,0x00,
             -0x02,0x02,0x02,0x0f,0x02,0x02,0x02,
 130            0xcd,0xbc,/* 图 */  0x00,0xfe,0x42,0x52,0x4a,0xae,0xaa,0x2a,0x4a,0x5a,0x42,0xfe,0x00,0x0f,0x08,0x08,0x0a,
             -0x0a,0x0c,0x0d,0x08,0x08,0x08,0x0f,
 131            0xb1,0xea,/* 标 */  0x00,0x88,0x68,0xfe,0x48,0x12,0x92,0x12,0xf2,0x12,0x92,0x12,0x00,0x00,0x00,0x0f,0x00,
             -0x02,0x01,0x08,0x0f,0x00,0x00,0x03,
 132            0xc3,0xbb,/* 没 */  0x00,0x12,0x24,0x00,0x50,0xce,0x42,0x42,0x42,0x4e,0xd0,0x10,0x00,0x04,0x02,0x01,0x08,
             -0x09,0x0a,0x04,0x0a,0x09,0x08,0x00,
 133            0xd3,0xd0,/* 有 */  0x00,0x44,0x24,0xf4,0x5c,0x56,0x54,0x54,0x54,0x54,0xf4,0x04,0x00,0x00,0x00,0x0f,0x01,
             -0x01,0x01,0x01,0x01,0x09,0x0f,0x00,
C51 COMPILER V9.56.0.0   HZK16X24                                                          10/21/2016 15:21:26 PAGE 5   

 134            0xce,0xc4,/* 文 */  0x00,0x08,0x08,0x38,0xc8,0x0a,0x0c,0x08,0xc8,0x38,0x08,0x08,0x00,0x08,0x08,0x04,0x02,
             -0x00,0x01,0x00,0x02,0x04,0x08,0x08,
 135            0xbc,0xfe,/* 件 */  0x00,0x20,0xf8,0x06,0x90,0x9c,0x90,0x90,0xfe,0x90,0x90,0x90,0x00,0x00,0x0f,0x00,0x00,
             -0x00,0x00,0x00,0x0f,0x00,0x00,0x00,
 136            0xb2,0xce,/* 参 */  0x00,0x90,0x54,0xb6,0x94,0x5c,0x54,0x34,0x94,0x36,0x54,0x90,0x00,0x00,0x0a,0x0a,0x0a,
             -0x0a,0x09,0x05,0x04,0x02,0x00,0x00,
 137            0xca,0xfd,/* 数 */  0x00,0x4a,0x2c,0x98,0x7e,0x2c,0x4a,0x30,0xce,0x08,0xf8,0x08,0x00,0x09,0x0b,0x05,0x05,
             -0x07,0x09,0x08,0x04,0x03,0x04,0x08,
 138            0xb5,0xf7,/* 调 */  0x00,0x12,0xf4,0x00,0x00,0xfe,0x22,0xaa,0xbe,0xaa,0x22,0xfe,0x00,0x00,0x03,0x09,0x04,
             -0x03,0x00,0x03,0x02,0x0b,0x08,0x0f,
 139            0xbd,0xda,/* 节 */  0x00,0x24,0x24,0x24,0x2e,0x24,0xe4,0x24,0x2e,0x24,0x24,0xe4,0x00,0x00,0x00,0x00,0x00,
             -0x00,0x0f,0x00,0x00,0x02,0x02,0x03,
 140            0xc9,0xe8,/* 设 */  0x00,0x12,0xf4,0x00,0x10,0x6e,0xa2,0x22,0x22,0xa2,0x6e,0x10,0x00,0x00,0x0f,0x04,0x0a,
             -0x08,0x05,0x02,0x02,0x05,0x08,0x08,
 141            0xb3,0xcc,/* 程 */  0x00,0x24,0xa4,0xfa,0xa2,0x40,0x5e,0x52,0xd2,0x52,0x5e,0x40,0x00,0x02,0x01,0x0f,0x00,
             -0x08,0x09,0x09,0x0f,0x09,0x09,0x08,
 142            0xd6,0xd0,/* 中 */  0x00,0xf0,0x90,0x90,0x90,0x90,0xfe,0x90,0x90,0x90,0x90,0xf0,0x00,0x01,0x00,0x00,0x00,
             -0x00,0x0f,0x00,0x00,0x00,0x00,0x01,
 143            0xb5,0xe3,/* 点 */  0x00,0x00,0xe0,0x20,0x20,0x3e,0x24,0x24,0x24,0xe4,0x04,0x00,0x00,0x08,0x05,0x01,0x09,
             -0x05,0x01,0x05,0x09,0x01,0x04,0x08,
 144            0xc8,0xfd,/* 三 */  0x00,0x00,0x04,0x44,0x44,0x44,0x44,0x44,0x44,0x44,0x04,0x00,0x00,0x04,0x04,0x04,0x04,
             -0x04,0x04,0x04,0x04,0x04,0x04,0x04,
 145            0xbd,0xc7,/* 角 */  0x00,0x10,0x08,0xfc,0x2a,0x2a,0x2a,0xfa,0x2a,0x2e,0x2a,0xf8,0x00,0x00,0x08,0x07,0x01,
             -0x01,0x01,0x0f,0x01,0x01,0x09,0x0f,
 146            0xbb,0xec,/* 混 */  0x00,0x12,0x24,0x48,0x00,0xbe,0x2a,0xaa,0x2a,0xaa,0x3e,0x80,0x00,0x08,0x06,0x01,0x00,
             -0x0f,0x09,0x0c,0x00,0x0f,0x09,0x0c,
 147            0xce,0xb2,/* 尾 */  0x00,0x00,0xfe,0x0a,0x8a,0xaa,0xaa,0xea,0xaa,0xaa,0x8a,0x0e,0x00,0x08,0x07,0x00,0x02,
             -0x02,0x02,0x07,0x0a,0x0a,0x0a,0x0c,
 148            0xbc,0xf5,/* 减 */  0x00,0x04,0x88,0x00,0xf8,0xa8,0xa8,0xa8,0x08,0xfe,0x88,0x4a,0x00,0x01,0x08,0x04,0x03,
             -0x0a,0x0a,0x0b,0x04,0x03,0x04,0x0e,
 149            0xcb,0xd9,/* 速 */  0x00,0x12,0xf4,0x00,0xf4,0x54,0x54,0xfe,0x54,0x54,0xf4,0x00,0x00,0x08,0x07,0x08,0x0c,
             -0x0a,0x09,0x0f,0x09,0x0a,0x0c,0x08,
 150            0xd2,0xc7,/* 仪 */  0x00,0x10,0xfc,0x02,0x30,0xc0,0x02,0x0c,0x00,0xc0,0x38,0x00,0x00,0x00,0x0f,0x00,0x08,
             -0x08,0x05,0x02,0x05,0x08,0x08,0x08,
 151            0xd0,0xb1,/* 斜 */  0x00,0x90,0x88,0x94,0xf2,0x94,0x88,0x24,0x48,0x00,0xfe,0x80,0x00,0x04,0x02,0x08,0x0f,
             -0x02,0x04,0x01,0x01,0x01,0x0f,0x00,
 152            0xc5,0xcc,/* 盘 */  0x00,0x20,0xa0,0x7c,0x24,0x6e,0xb4,0x24,0xa4,0xfc,0x20,0x20,0x00,0x09,0x0e,0x0a,0x0e,
             -0x0a,0x0a,0x0e,0x0a,0x0a,0x0e,0x08,
 153            0xd5,0xfb,/* 整 */  0x00,0xda,0xaa,0xfe,0xaa,0xda,0x80,0x8c,0xd6,0xa4,0xd4,0x8c,0x00,0x08,0x08,0x08,0x0e,
             -0x08,0x0f,0x0a,0x0a,0x0a,0x0a,0x08,
 154            0xbc,0xe0,/* 监 */  0x00,0x00,0xbe,0x80,0xfe,0x80,0xb0,0x8e,0x88,0x98,0xac,0x08,0x00,0x08,0x0f,0x08,0x08,
             -0x0f,0x08,0x0f,0x08,0x08,0x0f,0x08,
 155            0xca,0xd3,/* 视 */  0x00,0x88,0x4a,0xec,0x98,0x00,0xfe,0x02,0xfa,0x02,0xfe,0x00,0x00,0x00,0x00,0x0f,0x08,
             -0x08,0x04,0x03,0x00,0x0f,0x08,0x0e,
 156            0xb8,0xdf,/* 高 */  0x00,0x82,0x82,0xba,0xaa,0xaa,0xab,0xaa,0xaa,0xba,0x82,0x82,0x00,0x0f,0x00,0x00,0x0e,
             -0x0a,0x0a,0x0a,0x0e,0x00,0x08,0x0f,
 157            0xbc,0xb6,/* 级 */  0x00,0x38,0xa4,0x62,0x10,0x04,0xfc,0x04,0x04,0x64,0x5c,0xc0,0x00,0x09,0x05,0x03,0x09,
             -0x04,0x03,0x09,0x0a,0x04,0x0a,0x09,
 158            0xc1,0xac,/* 连 */  0x00,0x12,0x14,0xf0,0x00,0x68,0x58,0x4e,0xe8,0x48,0x48,0x08,0x00,0x08,0x04,0x07,0x08,
             -0x09,0x09,0x09,0x0f,0x09,0x09,0x09,
 159            0xbd,0xd3,/* 接 */  0x00,0x10,0xfe,0x90,0x00,0xa4,0xec,0xb4,0xa6,0xb4,0xac,0xa4,0x00,0x09,0x0f,0x00,0x00,
             -0x08,0x09,0x0a,0x04,0x0a,0x09,0x08,
 160            0xd3,0xda,/* 于 */  0x00,0x40,0x44,0x44,0x44,0x44,0xfc,0x44,0x44,0x44,0x44,0x40,0x00,0x00,0x00,0x00,0x08,
             -0x08,0x0f,0x00,0x00,0x00,0x00,0x00,
 161            0xba,0xc5,/* 号 */  0x00,0x40,0x5e,0x52,0xd2,0x52,0x52,0x52,0x52,0x52,0x5e,0x40,0x00,0x00,0x00,0x01,0x01,
             -0x09,0x09,0x09,0x05,0x03,0x00,0x00,
 162            0xc0,0xe0,/* 类 */  0x00,0x08,0x48,0x2a,0x1c,0x08,0xbe,0x08,0x1c,0x2a,0x48,0x08,0x00,0x01,0x09,0x09,0x05,
             -0x03,0x01,0x03,0x05,0x09,0x09,0x01,
 163            0xd0,0xad,/* 协 */  0x00,0x10,0xfe,0x10,0x00,0x88,0x48,0xfe,0x08,0xf8,0x40,0x80,0x00,0x00,0x0f,0x00,0x08,
             -0x04,0x02,0x09,0x08,0x07,0x00,0x01,
 164            0xd2,0xe9,/* 议 */  0x00,0x10,0x12,0xf4,0x00,0x00,0x30,0xc2,0x0c,0xc0,0x30,0x0c,0x00,0x00,0x00,0x07,0x02,
             -0x09,0x04,0x02,0x01,0x02,0x04,0x08,
C51 COMPILER V9.56.0.0   HZK16X24                                                          10/21/2016 15:21:26 PAGE 6   

 165            0xb7,0xa2,/* 发 */  0x00,0x1c,0x10,0x10,0xfe,0x50,0x50,0x52,0x54,0xd0,0x10,0x00,0x00,0x04,0x02,0x09,0x08,
             -0x09,0x02,0x04,0x0a,0x09,0x08,0x08,
 166            0xb9,0xa6,/* 功 */  0x00,0x04,0x04,0xfc,0x04,0x14,0x10,0x10,0xfe,0x10,0x10,0xf0,0x00,0x02,0x02,0x09,0x09,
             -0x05,0x02,0x01,0x00,0x08,0x08,0x07,
 167            0xc2,0xca,/* 率 */  0x00,0x14,0xa4,0x24,0xb4,0x6c,0x26,0xa4,0x24,0x14,0xa4,0x14,0x00,0x05,0x04,0x05,0x05,
             -0x05,0x0f,0x05,0x05,0x05,0x04,0x05,
 168            0xb4,0xf3,/* 大 */  0x00,0x10,0x10,0x10,0x10,0x90,0x7e,0x90,0x10,0x10,0x10,0x10,0x00,0x08,0x04,0x02,0x01,
             -0x00,0x00,0x00,0x01,0x02,0x04,0x08,
 169            0xd0,0xa1,/* 小 */  0x00,0x00,0xc0,0x30,0x00,0x00,0xfe,0x00,0x00,0x30,0xc0,0x00,0x00,0x01,0x00,0x00,0x08,
             -0x08,0x0f,0x00,0x00,0x00,0x00,0x01,
 170            0xd2,0xd1,/* 已 */  0x00,0xf0,0x44,0x44,0x44,0x44,0x44,0x44,0x44,0x44,0x7c,0x00,0x00,0x07,0x08,0x08,0x08,
             -0x08,0x08,0x08,0x08,0x08,0x08,0x0e,
 171            0xcb,0xf9,/* 所 */  0x00,0x00,0xfc,0x94,0x94,0xf2,0x00,0xfc,0x24,0x24,0xe2,0x22,0x00,0x08,0x07,0x00,0x00,
             -0x08,0x04,0x03,0x00,0x00,0x0f,0x00,
 172            0xd0,0xa3,/* 校 */  0x00,0x10,0xd0,0xfe,0x90,0x54,0x24,0xd4,0x06,0xd4,0x24,0x44,0x00,0x01,0x00,0x0f,0x00,
             -0x08,0x08,0x05,0x02,0x05,0x08,0x08,
 173            0xd7,0xbc,/* 准 */  0x00,0x08,0x10,0x00,0x10,0xfe,0xa8,0xaa,0xfc,0xa8,0xa8,0x08,0x00,0x04,0x02,0x01,0x00,
             -0x0f,0x04,0x04,0x07,0x04,0x04,0x04,
 174            0xca,0xbd,/* 式 */  0x00,0x28,0x28,0xe8,0x28,0x28,0x08,0xfe,0x08,0x0a,0x0c,0x08,0x00,0x04,0x04,0x03,0x02,
             -0x02,0x02,0x00,0x03,0x04,0x08,0x0e,
 175            0xcb,0xc0,/* 死 */  0x00,0x42,0x32,0x5e,0x92,0x72,0x02,0xfe,0x42,0x22,0x12,0x02,0x00,0x08,0x04,0x02,0x01,
             -0x00,0x00,0x07,0x08,0x08,0x08,0x0e,
 176            0xc7,0xf8,/* 区 */  0x00,0xfe,0x02,0x0a,0x12,0xa2,0x42,0xa2,0x12,0x0a,0x02,0x00,0x00,0x0f,0x08,0x0a,0x09,
             -0x08,0x08,0x08,0x09,0x0a,0x08,0x08,
 177            0xd5,0xf1,/* 振 */  0x00,0x88,0xfe,0x48,0x00,0xfe,0x2a,0xea,0x2a,0xea,0x2a,0xa2,0x00,0x08,0x0f,0x00,0x08,
             -0x07,0x00,0x0f,0x04,0x03,0x05,0x08,
 178            0xcc,0xe1,/* 提 */  0x00,0x88,0xfe,0x48,0x80,0xbe,0xaa,0xaa,0xaa,0xbe,0x80,0x80,0x00,0x08,0x0f,0x00,0x08,
             -0x07,0x08,0x0f,0x0a,0x0a,0x0a,0x08,
 179            0xca,0xbe,/* 示 */  0x00,0x10,0x12,0x12,0x92,0x12,0xf2,0x12,0x92,0x12,0x12,0x10,0x00,0x04,0x02,0x01,0x00,
             -0x08,0x0f,0x00,0x00,0x01,0x02,0x04,
 180            0xc9,0xf9,/* 声 */  0x00,0x04,0xd4,0x54,0x54,0x54,0xde,0x54,0x54,0x54,0xd4,0x04,0x00,0x08,0x07,0x01,0x01,
             -0x01,0x01,0x01,0x01,0x01,0x01,0x00,
 181            0xd2,0xf4,/* 音 */  0x00,0x10,0x14,0xd4,0x5c,0x54,0x56,0x54,0x5c,0xd4,0x14,0x10,0x00,0x00,0x00,0x0f,0x05,
             -0x05,0x05,0x05,0x05,0x0f,0x00,0x00,
 182            0xb0,0xb4,/* 按 */  0x00,0x88,0xfe,0x48,0x20,0x2c,0xa4,0x64,0x36,0x24,0xe4,0x2c,0x00,0x08,0x0f,0x00,0x00,
             -0x08,0x08,0x05,0x02,0x05,0x08,0x08,
 183            0xbc,0xfc,/* 键 */  0x00,0x58,0xf6,0x54,0xe8,0xb8,0xa2,0xaa,0xfe,0xaa,0xbe,0x08,0x00,0x00,0x0f,0x0a,0x06,
             -0x0b,0x0a,0x0a,0x0f,0x0a,0x0a,0x0a,
 184            0xc1,0xbf,/* 量 */  0x00,0x20,0x20,0xfe,0xaa,0xaa,0xea,0xaa,0xaa,0xfe,0x20,0x20,0x00,0x08,0x0a,0x0b,0x0a,
             -0x0a,0x0f,0x0a,0x0a,0x0b,0x0a,0x08,
 185            0xb1,0xb3,/* 背 */  0x00,0x10,0x14,0xd4,0x54,0x7e,0x40,0x4e,0x50,0x54,0xd2,0x18,0x00,0x00,0x00,0x0f,0x05,
             -0x05,0x05,0x05,0x05,0x05,0x0f,0x00,
 186            0xb9,0xe2,/* 光 */  0x00,0x20,0x22,0x24,0xe8,0x20,0x3e,0xe0,0x28,0x24,0x22,0x20,0x00,0x08,0x04,0x02,0x01,
             -0x00,0x00,0x07,0x08,0x08,0x08,0x0f,
 187            0xb6,0xc8,/* 度 */  0x00,0x00,0xfc,0x14,0x14,0x7c,0x54,0x56,0x54,0x7c,0x14,0x14,0x00,0x0c,0x03,0x00,0x09,
             -0x09,0x0b,0x05,0x05,0x0b,0x09,0x08,
 188            0xb1,0xc8,/* 比 */  0x00,0x00,0xfe,0x20,0x20,0x20,0x00,0xfe,0x20,0x10,0x08,0x00,0x00,0x08,0x07,0x02,0x01,
             -0x00,0x00,0x07,0x08,0x08,0x08,0x0f,
 189            0xb3,0xd8,/* 池 */  0x00,0x12,0x24,0x88,0x20,0xf8,0x10,0xfe,0x10,0x88,0xf8,0x00,0x00,0x0c,0x02,0x01,0x00,
             -0x07,0x08,0x0b,0x08,0x08,0x08,0x0e,
 190            0xb1,0xa8,/* 报 */  0x00,0x48,0xfe,0x28,0x00,0xfe,0x22,0xa2,0x2a,0xaa,0x6e,0x00,0x00,0x08,0x0f,0x00,0x00,
             -0x0f,0x08,0x05,0x02,0x05,0x08,0x08,
 191            0xbe,0xaf,/* 警 */  0x00,0x94,0xbe,0xd4,0xb4,0xde,0xb4,0x80,0xd6,0xa4,0xdc,0x84,0x00,0x02,0x0e,0x0a,0x0a,
             -0x0a,0x0a,0x0a,0x0a,0x0a,0x0e,0x02,
 192            0xd1,0xb9,/* 压 */  0x00,0x00,0xfe,0x02,0x22,0x22,0x22,0xfa,0x22,0x22,0x22,0x02,0x00,0x0c,0x03,0x08,0x08,
             -0x08,0x08,0x0f,0x08,0x09,0x0a,0x08,
 193            0xbb,0xd6,/* 恢 */  0x00,0xf0,0x00,0xfe,0x10,0xc4,0x3e,0xc4,0x04,0xf4,0x44,0x24,0x00,0x00,0x00,0x0f,0x04,
             -0x03,0x00,0x0c,0x03,0x00,0x03,0x0c,
 194            0xd6,0xb5,/* 值 */  0x00,0x30,0xcc,0x02,0x04,0xf4,0x54,0x5e,0x94,0x94,0xf4,0x04,0x00,0x00,0x0f,0x00,0x08,
             -0x0f,0x09,0x09,0x0a,0x0a,0x0f,0x08,
 195            0xca,0xa7,/* 失 */  0x00,0x50,0x48,0x4e,0x48,0x48,0xfe,0x48,0x48,0x48,0x48,0x40,0x00,0x08,0x08,0x04,0x02,
             -0x01,0x00,0x01,0x02,0x04,0x08,0x08,
C51 COMPILER V9.56.0.0   HZK16X24                                                          10/21/2016 15:21:26 PAGE 7   

 196            0xb0,0xdc,/* 败 */  0x00,0xfe,0x02,0xf2,0x02,0xfe,0x10,0xe8,0x0e,0x08,0xf8,0x08,0x00,0x0c,0x02,0x01,0x02,
             -0x0c,0x08,0x05,0x02,0x05,0x08,0x08,
 197            0xc7,0xd0,/* 切 */  0x00,0x20,0x20,0xfe,0x10,0x10,0x04,0x04,0xfc,0x04,0x04,0xfc,0x00,0x00,0x00,0x07,0x0a,
             -0x09,0x04,0x03,0x00,0x08,0x08,0x07,
 198            0xbb,0xbb,/* 换 */  0x00,0x88,0xfe,0x48,0x80,0xe8,0xa6,0xf4,0xa4,0xac,0xe0,0x80,0x00,0x08,0x0f,0x00,0x08,
             -0x04,0x02,0x01,0x02,0x04,0x08,0x00,
 199            0xbd,0xab,/* 将 */  0x00,0x1c,0x90,0xfe,0x90,0x88,0x96,0xc4,0xa4,0x94,0xcc,0x80,0x00,0x01,0x00,0x0f,0x00,
             -0x00,0x02,0x02,0x08,0x08,0x0f,0x00,
 200            0xc8,0xbb,/* 然 */  0x00,0x98,0x26,0xc4,0x34,0x0c,0x88,0x68,0x1e,0x68,0x8a,0x0c,0x00,0x0a,0x05,0x00,0x08,
             -0x05,0x00,0x04,0x08,0x00,0x04,0x09,
 201            0xba,0xf3,/* 后 */  0x00,0x00,0x00,0xfc,0x14,0x94,0x94,0x94,0x92,0x92,0x92,0x10,0x00,0x0c,0x03,0x00,0x00,
             -0x0f,0x04,0x04,0x04,0x04,0x0f,0x00,
 202            0xc2,0xfa,/* 满 */  0x00,0x12,0xa4,0x10,0xd4,0x54,0xfe,0x54,0xfe,0x54,0xd4,0x10,0x00,0x0c,0x03,0x00,0x0f,
             -0x02,0x01,0x02,0x01,0x0a,0x0f,0x00,
 203            0xb8,0xf7,/* 各 */  0x00,0x90,0x88,0x4e,0x54,0x24,0x24,0x24,0x54,0x4c,0x80,0x80,0x00,0x00,0x00,0x0f,0x05,
             -0x05,0x05,0x05,0x05,0x0f,0x00,0x00,
 204            0xcd,0xea,/* 完 */  0x00,0x4c,0x44,0x54,0x54,0xd4,0x56,0xd4,0x54,0x54,0x44,0x4c,0x00,0x08,0x08,0x04,0x04,
             -0x03,0x00,0x07,0x08,0x08,0x08,0x0c,
 205            0xb3,0xc9,/* 成 */  0x00,0x00,0xf8,0x28,0xe8,0x08,0xfe,0x08,0x0a,0xec,0x08,0x08,0x00,0x0e,0x01,0x02,0x0b,
             -0x08,0x05,0x02,0x05,0x08,0x08,0x0e,
 206            0xbc,0xe4,/* 间 */  0x00,0xf8,0x02,0x04,0xf0,0x92,0x92,0x92,0xf2,0x02,0x02,0xfe,0x00,0x0f,0x00,0x00,0x07,
             -0x04,0x04,0x04,0x07,0x08,0x08,0x0f,
 207            0xb7,0xd6,/* 分 */  0x00,0x40,0x20,0x18,0x26,0xe0,0x20,0x20,0x26,0xe8,0x10,0x20,0x00,0x00,0x08,0x04,0x03,
             -0x00,0x00,0x08,0x08,0x0f,0x00,0x00,
 208            0xce,0xaa,/* 为 */  0x00,0x10,0x12,0x1c,0x10,0x90,0x70,0x9e,0x10,0x10,0x10,0xf0,0x00,0x08,0x04,0x02,0x01,
             -0x00,0x00,0x00,0x0b,0x08,0x08,0x07,
 209            0xcd,0xcb,/* 退 */  0x00,0x12,0x14,0xf8,0x00,0xfe,0x2a,0xaa,0x2a,0xbe,0x40,0x00,0x00,0x08,0x04,0x03,0x08,
             -0x0f,0x09,0x08,0x09,0x0a,0x0c,0x08,
 210            0xb3,0xf6,/* 出 */  0x00,0x80,0x3c,0x10,0x10,0x10,0xfe,0x10,0x10,0x10,0x3c,0x80,0x00,0x07,0x04,0x04,0x04,
             -0x04,0x07,0x04,0x04,0x04,0x04,0x0f,
 211            0xb6,0xcf,/* 断 */  0x00,0xfc,0x92,0x54,0xfe,0x54,0x92,0x00,0xfc,0x14,0xf4,0x12,0x00,0x07,0x04,0x04,0x05,
             -0x04,0x04,0x08,0x07,0x00,0x0f,0x00,
 212            0xb5,0xcd,/* 低 */  0x00,0x10,0xfc,0x02,0xfc,0x24,0x24,0x24,0xfe,0x22,0x22,0x20,0x00,0x00,0x0f,0x00,0x0f,
             -0x04,0x02,0x04,0x08,0x03,0x04,0x0f,
 213            0xbf,0xe9,/* 块 */  0x00,0x10,0xfe,0x10,0x10,0x48,0x48,0xfe,0x48,0x48,0x78,0x40,0x00,0x04,0x03,0x0a,0x0a,
             -0x04,0x03,0x00,0x03,0x04,0x08,0x08,
 214            0xc4,0xda,/* 内 */  0x00,0xf8,0x08,0x08,0x08,0x88,0x7e,0x88,0x08,0x08,0x08,0xf8,0x00,0x0f,0x00,0x00,0x02,
             -0x01,0x00,0x00,0x03,0x08,0x08,0x0f,
 215            0xb4,0xed,/* 错 */  0x00,0x98,0xf6,0x94,0x94,0x20,0xa4,0xbe,0xa4,0xbe,0xa4,0x20,0x00,0x00,0x0f,0x04,0x02,
             -0x00,0x0f,0x0a,0x0a,0x0a,0x0f,0x00,
 216            0xce,0xf3,/* 误 */  0x00,0x12,0xf4,0x00,0xa0,0xae,0xaa,0xea,0xaa,0xaa,0xae,0xa0,0x00,0x00,0x07,0x0a,0x08,
             -0x04,0x02,0x01,0x02,0x04,0x08,0x08,
 217            0xbc,0xd3,/* 加 */  0x00,0x08,0x08,0xfe,0x08,0x08,0xf8,0x00,0xfc,0x04,0x04,0xfc,0x00,0x08,0x06,0x01,0x08,
             -0x08,0x07,0x00,0x07,0x02,0x02,0x07,
 218            0xd4,0xd8,/* 载 */  0x00,0xd0,0x74,0xde,0x54,0x50,0x08,0xfe,0x08,0x8a,0x6c,0x08,0x00,0x05,0x05,0x0f,0x05,
             -0x05,0x08,0x04,0x03,0x04,0x08,0x0e,
 219            0xc2,0xb0,/* 掳 */  0x00,0x88,0xfe,0x48,0x00,0xf8,0x48,0x7e,0xaa,0xaa,0xc8,0x18,0x00,0x08,0x0f,0x00,0x0c,
             -0x03,0x0a,0x07,0x02,0x0a,0x0e,0x00,
 220            0xd3,0xef,/* 语 */  0x00,0x12,0xf4,0x00,0x42,0x4a,0x4a,0x7e,0x4a,0x4a,0x7a,0x42,0x00,0x00,0x0f,0x04,0x00,
             -0x0f,0x05,0x05,0x05,0x05,0x0f,0x00,
 221            0xd1,0xd4,/* 言 */  0x00,0x04,0x54,0x54,0x54,0x54,0x56,0x54,0x54,0x54,0x54,0x04,0x00,0x00,0x0f,0x05,0x05
             -,0x05,0x05,0x05,0x05,0x05,0x0f,0x00,
 222            0xd3,0xa2,/* 英 */  0x00,0x04,0xe4,0x2e,0x24,0x24,0xf4,0x24,0x2e,0x24,0xe4,0x04,0x00,0x09,0x09,0x05,0x03
             -,0x01,0x01,0x01,0x03,0x05,0x09,0x09,
 223            0xca,0xe4,/* 输 */  0x00,0x74,0x4c,0xf6,0x44,0xe8,0xa4,0xea,0x0a,0xc4,0x08,0xe0,0x00,0x02,0x02,0x0f,0x01
             -,0x0f,0x02,0x0f,0x00,0x03,0x08,0x0f,
 224            0xc6,0xb5,/* 频 */  0x00,0x1c,0xd0,0xfe,0x14,0x94,0xfa,0x0a,0xee,0x0a,0xfa,0x00,0x00,0x09,0x04,0x03,0x01
             -,0x08,0x05,0x02,0x01,0x02,0x05,0x08,
 225            0xbf,0xd5,/* 空 */  0x00,0x10,0x48,0x28,0x18,0x0a,0x0c,0x08,0x18,0x28,0x48,0x18,0x00,0x08,0x08,0x09,0x09
             -,0x09,0x0f,0x09,0x09,0x09,0x08,0x08,
 226            0xcf,0xd0,/* 闲 */  0x00,0xf8,0x02,0x24,0x20,0xa2,0xfa,0xa2,0x22,0x22,0x02,0xfe,0x00,0x0f,0x00,0x02,0x01
             -,0x00,0x07,0x00,0x01,0x0a,0x08,0x0f,
C51 COMPILER V9.56.0.0   HZK16X24                                                          10/21/2016 15:21:26 PAGE 8   

 227            0xb8,0xe6,/* 告 */  0x00,0x50,0x48,0x4e,0x48,0x48,0x7e,0x48,0x48,0x48,0x48,0x40,0x00,0x00,0x0f,0x05,0x05
             -,0x05,0x05,0x05,0x05,0x05,0x0f,0x00,
 228            0xd7,0xf3,/* 左 */  0x00,0x08,0x88,0x68,0x58,0x4e,0x48,0xc8,0x48,0x48,0x48,0x08,0x00,0x09,0x08,0x08,0x08
             -,0x08,0x08,0x0f,0x08,0x08,0x08,0x08,
 229            0xd3,0xd2,/* 右 */  0x00,0x88,0x48,0xa8,0x98,0x8e,0x88,0x88,0x88,0x88,0x88,0x08,0x00,0x00,0x00,0x0f,0x04
             -,0x04,0x04,0x04,0x04,0x04,0x0f,0x00,
 230            0xb5,0xb5,/* 档 */  0x00,0x00,0xc8,0xfe,0x48,0x24,0x28,0x20,0xbe,0xa0,0xa8,0xe4,0x00,0x01,0x00,0x0f,0x00
             -,0x04,0x05,0x05,0x04,0x04,0x04,0x0f,
 231            0xba,0xfe,/* 湖 */  0x00,0x12,0xa4,0x00,0xe8,0x3e,0xe8,0x00,0xfe,0x92,0x92,0xfe,0x00,0x0e,0x01,0x00,0x07
             -,0x02,0x03,0x08,0x07,0x00,0x08,0x0f,
 232            0xb1,0xb1,/* 北 */  0x00,0x10,0x10,0x10,0xfe,0x00,0x00,0xfe,0x20,0x10,0x08,0x00,0x00,0x02,0x02,0x01,0x0f
             -,0x00,0x00,0x07,0x08,0x08,0x08,0x0f,
 233            0xca,0xa1,/* 省 */  0x00,0x90,0x48,0x24,0xe0,0xb0,0xae,0xa8,0xa4,0xa2,0xe4,0x08,0x00,0x00,0x00,0x00,0x0f
             -,0x0a,0x0a,0x0a,0x0a,0x0a,0x0f,0x00,
 234            0xce,0xe4,/* 武 */  0x00,0x08,0xca,0x0a,0xfa,0x4a,0x48,0x08,0xfe,0x08,0x0a,0x0c,0x00,0x08,0x0f,0x08,0x07
             -,0x04,0x04,0x00,0x00,0x03,0x04,0x0e,
 235            0xba,0xba,/* 汉 */  0x00,0x12,0x24,0x48,0x02,0x1e,0x62,0x82,0x82,0x62,0x1e,0x00,0x00,0x0c,0x02,0x09,0x08
             -,0x04,0x02,0x01,0x02,0x04,0x08,0x08,
 236            0xca,0xd0,/* 市 */  0x00,0x04,0xf4,0x14,0x14,0x14,0xfe,0x14,0x14,0x14,0xf4,0x04,0x00,0x00,0x07,0x00,0x00
             -,0x00,0x0f,0x00,0x04,0x04,0x07,0x00,
 237            0xb6,0xa5,/* 顶 */  0x00,0x04,0x04,0xfc,0x04,0x02,0xfa,0x0a,0xee,0x0a,0xfa,0x02,0x00,0x04,0x04,0x07,0x00
             -,0x08,0x05,0x02,0x01,0x02,0x05,0x08,
 238            0xcf,0xe8,/* 翔 */  0x00,0x52,0x54,0xf0,0x54,0x52,0x08,0x12,0xfe,0x00,0x92,0xfe,0x00,0x09,0x05,0x03,0x01
             -,0x01,0x02,0x09,0x0f,0x00,0x08,0x0f,
 239            0xd6,0xc7,/* 智 */  0x00,0x44,0x2a,0xde,0x5a,0x6a,0x4a,0x40,0x5e,0xd2,0x12,0x1e,0x00,0x00,0x00,0x0f,0x05
             -,0x05,0x05,0x05,0x05,0x0f,0x00,0x00,
 240            0xbf,0xc6,/* 科 */  0x00,0x14,0xd4,0xfa,0x52,0x90,0x24,0x48,0x00,0xfe,0x00,0x00,0x00,0x01,0x00,0x0f,0x00
             -,0x00,0x01,0x01,0x01,0x0f,0x01,0x01,
 241            0xbc,0xbc,/* 技 */  0x00,0x88,0xfe,0x88,0x00,0x48,0xc8,0x48,0x7e,0x48,0xc8,0x48,0x00,0x08,0x0f,0x00,0x00
             -,0x08,0x08,0x05,0x02,0x05,0x08,0x08,
 242            0xcf,0xde,/* 限 */  0x00,0xfe,0x12,0xee,0x00,0xfe,0x2a,0xaa,0x2a,0xaa,0xbe,0x00,0x00,0x0f,0x01,0x00,0x00
             -,0x0f,0x04,0x02,0x01,0x02,0x04,0x08,
 243            0xb9,0xab,/* 公 */  0x00,0x80,0x40,0x20,0x18,0x86,0x60,0x06,0x18,0x30,0x40,0x80,0x00,0x00,0x04,0x06,0x05
             -,0x04,0x04,0x04,0x05,0x06,0x0c,0x00,
 244            0xcb,0xbe,/* 司 */  0x00,0x0a,0xea,0x2a,0x2a,0x2a,0x2a,0xea,0x0a,0x02,0xfe,0x00,0x00,0x00,0x03,0x01,0x01
             -,0x01,0x01,0x03,0x08,0x08,0x0f,0x00,
 245            0xb7,0xc9,/* 飞 */  0x00,0x02,0x02,0x02,0x02,0x02,0xfe,0x20,0x50,0x88,0x04,0x00,0x00,0x00,0x00,0x00,0x00
             -,0x00,0x00,0x03,0x04,0x08,0x09,0x0c,
 246            0xca,0xb6,/* 识 */  0x00,0x12,0x14,0xf0,0x00,0x00,0x7e,0x22,0x22,0x22,0x7e,0x00,0x00,0x00,0x00,0x07,0x01
             -,0x0c,0x02,0x01,0x00,0x01,0x02,0x0c,
 247            0xb1,0xf0,/* 别 */  0x00,0x5e,0x52,0xf2,0x52,0x52,0xde,0x00,0x00,0xf8,0x00,0xfe,0x00,0x08,0x06,0x01,0x00
             -,0x08,0x0f,0x00,0x00,0x09,0x08,0x0f,
 248            0xb8,0xc4,/* 改 */  0x00,0xe4,0x24,0x24,0x3c,0x20,0x10,0xee,0x08,0x88,0x78,0x08,0x00,0x0f,0x04,0x02,0x01
             -,0x08,0x04,0x02,0x01,0x02,0x04,0x08,
 249            0xc6,0xbd,/* 平 */  0x00,0x80,0x82,0x9a,0xa2,0x82,0xfe,0x82,0xa2,0x9a,0x82,0x80,0x00,0x00,0x00,0x00,0x00
             -,0x00,0x0f,0x00,0x00,0x00,0x00,0x00,
 250            0xba,0xe2,/* 衡 */  0x00,0x64,0xda,0x00,0xfc,0xaa,0xfe,0xaa,0xf8,0x12,0xf2,0x12,0x00,0x00,0x0f,0x00,0x0a
             -,0x06,0x03,0x06,0x0a,0x08,0x0f,0x00,
 251            0xd7,0xaa,/* 转 */  0x00,0x74,0x4e,0xe4,0x44,0x28,0xe8,0xb8,0xae,0xa8,0xa8,0x20,0x00,0x02,0x02,0x0f,0x01
             -,0x01,0x02,0x04,0x04,0x0a,0x01,0x00,
 252            0xb0,0xda,/* 摆 */  0x00,0x88,0xfe,0x48,0x00,0xae,0xaa,0xae,0xfa,0xae,0xaa,0xae,0x00,0x08,0x0f,0x00,0x00
             -,0x04,0x06,0x05,0x04,0x04,0x06,0x0c,
 253            0xc4,0xdc,/* 能 */  0x00,0xe8,0xac,0xaa,0xa8,0xec,0x00,0xde,0x14,0x92,0x92,0x18,0x00,0x0f,0x02,0x02,0x0a
             -,0x0f,0x00,0x07,0x09,0x08,0x08,0x0e,
 254            0xbf,0xb9,/* 抗 */  0x00,0x88,0xfe,0x48,0x00,0x08,0xe8,0x2a,0x2c,0xe8,0x08,0x00,0x00,0x08,0x0f,0x00,0x08
             -,0x04,0x03,0x00,0x00,0x0f,0x08,0x0e,
 255            0xc5,0xa4,/* 扭 */  0x00,0x88,0xfe,0x48,0x00,0x44,0x44,0xfc,0x44,0x44,0xfc,0x00,0x00,0x08,0x0f,0x00,0x08
             -,0x08,0x08,0x0f,0x08,0x08,0x0f,0x08,
 256            0xc6,0xab,/* 偏 */  0x00,0x10,0xfc,0x02,0x00,0xfc,0x54,0xd4,0x56,0xd4,0x54,0xdc,0x00,0x00,0x0f,0x02,0x01
             -,0x0f,0x02,0x0f,0x02,0x0f,0x02,0x0f,
 257            0xba,0xbd,/* 航 */  0x00,0xfc,0x56,0x44,0xfc,0x48,0x08,0xea,0x2c,0xe8,0x08,0x08,0x00,0x0f,0x01,0x08,0x0f
             -,0x00,0x0c,0x03,0x00,0x07,0x08,0x0e,
C51 COMPILER V9.56.0.0   HZK16X24                                                          10/21/2016 15:21:26 PAGE 9   

 258            0xb7,0xfc,/* 伏 */  0x00,0x30,0xfc,0x02,0x10,0x10,0x90,0x7e,0x90,0x12,0x14,0x10,0x00,0x00,0x0f,0x00,0x08
             -,0x04,0x03,0x00,0x01,0x02,0x04,0x08,
 259            0xd0,0xfd,/* 旋 */  0x00,0x04,0xfc,0x16,0xf4,0x08,0xd4,0x16,0xf4,0x14,0x14,0x74,0x00,0x0e,0x01,0x08,0x0f
             -,0x00,0x07,0x08,0x0f,0x09,0x09,0x09,
 260            0xc5,0xa5,/* 钮 */  0x00,0x98,0xf6,0x94,0x94,0x42,0x42,0xc2,0x7e,0x42,0xfe,0x00,0x00,0x00,0x0f,0x04,0x02
             -,0x08,0x08,0x0f,0x08,0x08,0x0f,0x08,
 261            0xce,0xa5,/* 微 */  0x00,0x24,0xf2,0x0c,0xa8,0xae,0xa8,0x0c,0xf0,0x0e,0xf8,0x08,0x00,0x00,0x0f,0x08,0x07
             -,0x00,0x07,0x08,0x04,0x03,0x04,0x08,
 262            0xb5,0xf7,/* 调 */  0x00,0x12,0xf4,0x00,0x00,0xfe,0x22,0xaa,0xbe,0xaa,0x22,0xfe,0x00,0x00,0x03,0x09,0x04
             -,0x03,0x00,0x03,0x02,0x0b,0x08,0x0f,
 263            0xc4,0xe6,/* 逆 */  0x00,0x12,0x14,0xf0,0x08,0xea,0x8c,0xf8,0x8c,0xea,0x08,0x00,0x00,0x08,0x04,0x03,0x04
             -,0x08,0x0a,0x09,0x08,0x08,0x08,0x08,
 264            0xbd,0xcc,/* 教 */  0x00,0x50,0xd4,0x7e,0x54,0xd8,0x54,0x20,0xde,0x10,0xf0,0x10,0x00,0x05,0x04,0x04,0x0f
             -,0x02,0x02,0x08,0x05,0x02,0x05,0x08,
 265            0xc1,0xb7,/* 练 */  0x00,0xb8,0x66,0x00,0x54,0x74,0x5c,0x56,0xe4,0x44,0x44,0x00,0x00,0x09,0x05,0x03,0x00
             -,0x04,0x02,0x09,0x0f,0x01,0x02,0x04,
 266            0xc8,0xed,/* 软 */  0x00,0xc8,0xb8,0xee,0x88,0x40,0x30,0x0e,0xe8,0x08,0x28,0x18,0x00,0x04,0x04,0x0f,0x02
             -,0x08,0x04,0x03,0x00,0x03,0x04,0x08,
 267            0xd3,0xb2,/* 硬 */  0x00,0x42,0xf2,0x2e,0xe2,0x00,0xfa,0xaa,0xaa,0xfe,0xaa,0xfa,0x00,0x00,0x0f,0x04,0x0f,
             -0x01,0x0a,0x04,0x04,0x0b,0x08,0x08,
 268            0xb0,0xe6,/* 版 */  0x00,0x00,0xfe,0x50,0xde,0x10,0xfc,0x14,0xd4,0x14,0x92,0x72,0x00,0x08,0x07,0x00,0x0f
             -,0x04,0x03,0x08,0x05,0x02,0x05,0x08,
 269            0xc6,0xda,/* 期 */  0x00,0x08,0xfe,0x28,0x48,0xfe,0x08,0x00,0xfe,0x92,0x92,0xfe,0x00,0x09,0x05,0x01,0x01
             -,0x05,0x09,0x04,0x03,0x00,0x08,0x0f,
 270            0xc7,0xeb,/* 请 */  0x00,0x12,0xf4,0x00,0x00,0x44,0xd4,0x54,0x7e,0x54,0xd4,0x44,0x00,0x00,0x0f,0x04,0x02
             -,0x00,0x0f,0x05,0x05,0x05,0x0f,0x00,
 271            0xd0,0xc2,/* 新 */  0x00,0xa4,0xac,0xf6,0xac,0xa4,0x00,0xfc,0x24,0x24,0xe2,0x22,0x00,0x04,0x02,0x0f,0x02
             -,0x04,0x00,0x0f,0x00,0x00,0x0f,0x00,
 272            0xb9,0xfd,/* 过 */  0x00,0x22,0xe4,0x00,0x08,0x28,0x48,0x88,0x08,0xfe,0x08,0x08,0x00,0x08,0x07,0x08,0x08
             -,0x08,0x08,0x08,0x0a,0x0b,0x08,0x08,
 273            0xbb,0xa4,/* 护 */  0x00,0x88,0xfe,0x48,0x00,0xfc,0x24,0x24,0x26,0x24,0x24,0x3c,0x00,0x08,0x0f,0x00,0x08
             -,0x07,0x00,0x00,0x00,0x00,0x00,0x00,
 274            0xb3,0xd6,/* 持 */  0x00,0x44,0xfe,0x24,0x50,0x54,0x54,0x5e,0x54,0xf4,0x54,0x50,0x00,0x08,0x0f,0x00,0x00
             -,0x01,0x02,0x08,0x08,0x0f,0x00,0x00,
 275            0xb6,0xe0,/* 多 */  0x00,0x48,0x48,0x24,0xaa,0x52,0x72,0x4a,0x4a,0x46,0xc2,0x00,0x00,0x08,0x09,0x09,0x08
             -,0x05,0x06,0x06,0x02,0x01,0x00,0x00,
 276            0xbc,0xf2,/* 简 */  0x00,0xc8,0x16,0x24,0xcc,0x54,0x58,0xd6,0x14,0x1c,0xf4,0x04,0x00,0x0f,0x00,0x00,0x0f
             -,0x05,0x05,0x0f,0x00,0x08,0x0f,0x00,
 277            0xcc,0xe5,/* 体 */  0x00,0x20,0xd8,0x06,0x08,0xc8,0x28,0xfe,0x28,0xc8,0x08,0x00,0x00,0x00,0x0f,0x02,0x01
             -,0x02,0x02,0x0f,0x02,0x02,0x01,0x02,
 278            0xb2,0xe2,/* 测 */  0x00,0x66,0x88,0xfc,0x04,0xf4,0x04,0xfc,0x00,0xf8,0x00,0xfe,0x00,0x0c,0x02,0x09,0x04
             -,0x03,0x04,0x09,0x00,0x01,0x08,0x0f,
 279            0xca,0xd4,/* 试 */  0x00,0x12,0xf4,0x00,0x28,0x28,0xe8,0x28,0xfe,0x08,0x0a,0x08,0x00,0x00,0x0f,0x08,0x04
             -,0x04,0x03,0x02,0x00,0x03,0x04,0x0f,
 280            0xcf,0xb5,/* 系 */  0x00,0x84,0x94,0xd4,0xdc,0xb4,0xb4,0x92,0x92,0x8a,0xc2,0x80,0x00,0x00,0x08,0x04,0x02
             -,0x08,0x0f,0x00,0x02,0x04,0x08,0x01,
 281            0xcd,0xb3,/* 统 */  0x00,0x98,0xd4,0xb2,0x88,0x44,0x64,0xd4,0x46,0xc4,0x54,0xe4,0x00,0x04,0x04,0x02,0x02
             -,0x08,0x04,0x03,0x00,0x07,0x08,0x0c,
 282            0xD7,0xA8,/* 专 */  0x00,0x20,0x28,0xA8,0xE8,0xB8,0xAE,0xA8,0xA8,0xA8,0x28,0x20,0x00,0x00,0x00,0x02,0x02
             -,0x02,0x04,0x04,0x06,0x09,0x00,0x00,
 283            0xBB,0xD8,/* 回 */  0x00,0xFE,0x02,0x02,0xF2,0x92,0x92,0xF2,0x02,0x02,0xFE,0x00,0x00,0x0F,0x04,0x04,0x04
             -,0x04,0x04,0x04,0x04,0x04,0x0F,0x00,
 284            0xB4,0xAB,/* 传 */  0x20,0x10,0xFC,0x23,0x24,0xE4,0xBC,0xA7,0xA4,0xA4,0x20,0x00,0x00,0x00,0x0F,0x00,0x00
             -,0x02,0x02,0x04,0x06,0x09,0x00,0x00,
 285            0xD0,0xC5,/* 信 */  0x10,0xFC,0x03,0x04,0x54,0x54,0x55,0x56,0x54,0x54,0x04,0x00,0x00,0x0F,0x00,0x00,0x0F
             -,0x05,0x05,0x05,0x05,0x0F,0x00,0x00,
 286            0xCF,0xA2,/* 息 */  0x00,0xFE,0xAA,0xAA,0xAB,0xAA,0xAA,0xAA,0xAA,0xFE,0x00,0x00,0x08,0x06,0x00,0x06,0x08
             -,0x09,0x0A,0x08,0x0C,0x02,0x0C,0x00,
 287            
 288            0xC5,0xC0,/* 爬 */  0xFE,0x02,0xFE,0x02,0xFD,0x01,0xFE,0x22,0x3E,0x22,0xBE,0x00,0x0F,0x00,0x0F,0x00,0x03
             -,0x04,0x09,0x0A,0x0A,0x0A,0x0B,0x00,
 289            0xCE,0xB3,/* 纬 */  0x98,0xD4,0xB3,0x08,0x44,0x54,0x54,0xFF,0x54,0x54,0xC4,0x00,0x04,0x04,0x02,0x02,0x00
C51 COMPILER V9.56.0.0   HZK16X24                                                          10/21/2016 15:21:26 PAGE 10  

             -,0x00,0x00,0x0F,0x00,0x02,0x03,0x00,
 290            0xBE,0xAD,/* 经 */  0x98,0xD4,0xB3,0x88,0x40,0xA2,0x92,0x8A,0x96,0xA2,0x40,0x00,0x04,0x04,0x02,0x02,0x08
             -,0x08,0x08,0x0F,0x08,0x08,0x08,0x00,
 291            0xB6,0xC8,/* 度 */  0x00,0xFE,0x0A,0x8A,0xBE,0xAA,0xAB,0xAA,0xBE,0x8A,0x0A,0x00,0x08,0x07,0x00,0x08,0x09
             -,0x0A,0x04,0x04,0x0A,0x09,0x08,0x00,
 292            0xD0,0xC7,/* 星 */  0x00,0xDF,0x95,0x95,0x95,0xF5,0x95,0x95,0x95,0x9F,0x00,0x00,0x09,0x08,0x0A,0x0A,0x0A
             -,0x0F,0x0A,0x0A,0x0A,0x08,0x08,0x00,
 293            0xCE,0xC8,/* 稳 */  0x12,0xD2,0xFE,0x51,0x84,0xAB,0xAA,0xAA,0xAE,0xF8,0x00,0x00,0x01,0x00,0x0F,0x04,0x02
             -,0x0C,0x09,0x0A,0x0C,0x02,0x04,0x00,
 294            0xBA,0xE1,/* 横 */  0x84,0x64,0xFF,0x24,0xEA,0xAF,0xAA,0xFA,0xAA,0xAF,0xEA,0x00,0x00,0x00,0x0F,0x00,0x0B
             -,0x06,0x02,0x03,0x02,0x06,0x0B,0x00,
 295            0xB9,0xF6,/* 滚 */  0x22,0x44,0x00,0x4A,0x66,0xD2,0x4A,0xC3,0x52,0x66,0xCA,0x00,0x04,0x02,0x04,0x02,0x0F
             -,0x08,0x04,0x01,0x02,0x05,0x08,0x00,
 296            0xB8,0xA9,/* 俯 */  0x10,0xFC,0x03,0xFC,0x44,0xE4,0x15,0x46,0x44,0xF4,0x44,0x00,0x00,0x0F,0x08,0x07,0x00
             -,0x0F,0x00,0x01,0x0A,0x0F,0x00,0x00,
 297            0xD1,0xF6,/* 仰 */  0x20,0x10,0xFC,0x03,0xFC,0x02,0x81,0xFC,0x04,0x04,0xFC,0x00,0x00,0x00,0x0F,0x00,0x03
             -,0x01,0x00,0x0F,0x00,0x02,0x03,0x00,
 298            0xC0,0xEB,/* 离 */  0x82,0xBA,0xA2,0xB6,0xAA,0xEB,0xAA,0xB6,0xA2,0xBA,0x82,0x00,0x0F,0x00,0x04,0x06,0x05
             -,0x04,0x06,0x0C,0x00,0x08,0x0F,0x00,
 299            
 300            0xD4,0xF6,/* 增 */  0x10,0x10,0xFF,0x10,0x3E,0xAB,0xA2,0xBE,0xA2,0xAB,0x3E,0x00,0x04,0x04,0x03,0x02,0x00
             -,0x0F,0x0A,0x0A,0x0A,0x0F,0x00,0x00,
 301            0xB8,0xD0,/* 感 */  0x00,0xFE,0x02,0xEA,0xAA,0xEA,0x02,0x9F,0x62,0x9B,0xC2,0x00,0x09,0x06,0x00,0x06,0x08
             -,0x0A,0x0D,0x08,0x0C,0x02,0x0D,0x00,
 302            0xCB,0xAE,/* 水 */  0x00,0x08,0x88,0x78,0x00,0xFF,0x18,0x60,0x90,0x08,0x04,0x00,0x04,0x02,0x01,0x08,0x08
             -,0x0F,0x00,0x00,0x01,0x02,0x04,0x00,
 303            0xB2,0xB9,/* 补 */  0x84,0x45,0xF6,0x4C,0xA0,0x00,0x00,0xFF,0x10,0x20,0xC0,0x00,0x00,0x00,0x0F,0x00,0x00
             -,0x00,0x00,0x0F,0x00,0x00,0x00,0x00,
 304            0xB3,0xA5,/* 偿 */  0x20,0x10,0xFC,0x03,0x9A,0xAC,0xA8,0xAF,0xA8,0xAC,0x9A,0x00,0x00,0x00,0x0F,0x00,0x04
             -,0x06,0x05,0x04,0x04,0x06,0x0C,0x00,
 305            0xB0,0xB2,/* 安 */  0x2C,0x24,0xA4,0x64,0x3D,0x26,0x24,0x24,0xE4,0x24,0x2C,0x00,0x08,0x08,0x09,0x05,0x05
             -,0x02,0x02,0x05,0x04,0x08,0x00,0x00,
 306            0xD7,0xB0,/* 装 */  0xA1,0x92,0x88,0xBF,0x84,0xE4,0xA4,0xBF,0xA4,0xA4,0x84,0x00,0x04,0x04,0x02,0x0E,0x09
             -,0x04,0x01,0x02,0x04,0x0A,0x08,0x00,
 307            0xC6,0xD5,/* 普 */  0x20,0x22,0xAA,0xB3,0xBE,0xA2,0xA2,0xBE,0xB3,0xAA,0x22,0x00,0x00,0x00,0x0F,0x0A,0x0A
             -,0x0A,0x0A,0x0A,0x0A,0x0F,0x00,0x00,
 308            0xB2,0xE0,/* 侧 */  0x10,0xFC,0x03,0xFE,0xC2,0x02,0xFE,0x00,0xFC,0x00,0xFF,0x00,0x00,0x0F,0x08,0x04,0x03
             -,0x04,0x08,0x00,0x01,0x08,0x0F,0x00, 
 309            
 310            0xD2,0xEC,/* 异 */  0x00,0x00,0x3e,0x4a,0xca,0x4a,0x4a,0x4a,0xca,0x4a,0x4e,0x60,0x00,0x01,0x09,0x05,0x03
             -,0x01,0x01,0x01,0x0f,0x01,0x01,0x01,
 311            0xCA,0xD5,/* 收 */  0x00,0xf8,0x00,0x80,0xfe,0x00,0x30,0xce,0x08,0x88,0x78,0x08,0x00,0x03,0x01,0x00,0x0f
             -,0x00,0x08,0x05,0x02,0x05,0x08,0x08,
 312            0xBB,0xF2,/* 或 */  0x00,0xf4,0x94,0x94,0xf4,0x04,0x1e,0xe4,0x04,0xc6,0x34,0x04,0x00,0x04,0x04,0x02,0x0a
             -,0x08,0x04,0x02,0x03,0x04,0x08,0x0e,
 313            0xB5,0xBD,/* 到 */  0x00,0x24,0x34,0x2c,0xf4,0x24,0x34,0x64,0x00,0xfc,0x00,0xfe,0x00,0x08,0x09,0x09,0x0f
             -,0x05,0x05,0x04,0x00,0x03,0x08,0x0f,
 314          };


MODULE INFORMATION:   STATIC OVERLAYABLE
   CODE SIZE        =   ----    ----
   CONSTANT SIZE    =   ----    ----
   XDATA SIZE       =   7332    ----
   PDATA SIZE       =   ----    ----
   DATA SIZE        =   ----    ----
   IDATA SIZE       =   ----    ----
   BIT SIZE         =   ----    ----
END OF MODULE INFORMATION.


C51 COMPILATION COMPLETE.  0 WARNING(S),  0 ERROR(S)
