C51 COMPILER V9.56.0.0   INSPECTBAT                                                        10/31/2016 08:45:36 PAGE 1   


C51 COMPILER V9.56.0.0, COMPILATION OF MODULE INSPECTBAT
OBJECT MODULE PLACED IN .\Objects\InspectBat.obj
COMPILER INVOKED BY: D:\MyProKits\MucKits\Keil_C51_Rev956\C51\BIN\C51.EXE ..\..\SrcCode\Logic\Core\InspectBat.c LARGE OM
                    -F2 OPTIMIZE(0,SPEED) BROWSE INCDIR(..\..\SrcCode\Bsp\Inc;..\..\SrcCode\Logic\Inc;..\..\SrcCode\Middle\Gui\Inc;..\..\SrcC
                    -ode\Middle\Input\Inc;..\..\SdkTool\Si8051Base;..\..\SdkTool\EFM8UB2\Inc;..\..\SdkTool\EFM8UB2\Perip\Inc;..\..\SdkTool\EF
                    -M8UB2\Xpress\Inc) DEBUG CODE LISTINCLUDE SYMBOLS PRINT(.\Listings\InspectBat.lst) TABS(2) PREPRINT(.\Listings\InspectBat
                    -.i) OBJECT(.\Objects\InspectBat.obj)

line level    source

C51 COMPILER V9.56.0.0   INSPECTBAT                                                        10/31/2016 08:45:36 PAGE 2   

ASSEMBLY LISTING OF GENERATED OBJECT CODE


C51 COMPILER V9.56.0.0   INSPECTBAT                                                        10/31/2016 08:45:36 PAGE 3   

NAME                                    CLASS   MSPACE  TYPE    OFFSET  SIZE
====                                    =====   ======  ====    ======  ====




MODULE INFORMATION:   STATIC OVERLAYABLE
   CODE SIZE        =   ----    ----
   CONSTANT SIZE    =   ----    ----
   XDATA SIZE       =   ----    ----
   PDATA SIZE       =   ----    ----
   DATA SIZE        =   ----    ----
   IDATA SIZE       =   ----    ----
   BIT SIZE         =   ----    ----
   EDATA SIZE       =   ----    ----
   HDATA SIZE       =   ----    ----
   XDATA CONST SIZE =   ----    ----
   FAR CONST SIZE   =   ----    ----
END OF MODULE INFORMATION.


C51 COMPILATION COMPLETE.  0 WARNING(S),  0 ERROR(S)
