C51 COMPILER V9.52.0.0   PAGEFUN                                                           11/18/2016 15:58:57 PAGE 1   


C51 COMPILER V9.52.0.0, COMPILATION OF MODULE PAGEFUN
OBJECT MODULE PLACED IN .\Objects\PageFun.obj
COMPILER INVOKED BY: D:\MyProKits\MucKits\Keil_C51_Rev952\C51\BIN\C51.EXE ..\..\SrcCode\Middle\Gui\Core\PageFun.c LARGE 
                    -OMF2 OPTIMIZE(0,SPEED) BROWSE INCDIR(..\..\SrcCode\Bsp\Inc;..\..\SrcCode\Logic\Inc;..\..\SrcCode\Middle\Gui\Inc;..\..\Sr
                    -cCode\Middle\Input\Inc;..\..\SdkTool\Si8051Base;..\..\SdkTool\EFM8UB2\Inc;..\..\SdkTool\EFM8UB2\Perip\Inc;..\..\SdkTool\
                    -EFM8UB2\Xpress\Inc) DEBUG CODE LISTINCLUDE SYMBOLS PRINT(.\Listings\PageFun.lst) TABS(2) PREPRINT(.\Listings\PageFun.i) 
                    -OBJECT(.\Objects\PageFun.obj)

line level    source

   1          
   2          
C51 COMPILER V9.52.0.0   PAGEFUN                                                           11/18/2016 15:58:57 PAGE 2   

ASSEMBLY LISTING OF GENERATED OBJECT CODE


C51 COMPILER V9.52.0.0   PAGEFUN                                                           11/18/2016 15:58:57 PAGE 3   

NAME                                    CLASS   MSPACE  TYPE    OFFSET  SIZE
====                                    =====   ======  ====    ======  ====




MODULE INFORMATION:   STATIC OVERLAYABLE
   CODE SIZE        =   ----    ----
   CONSTANT SIZE    =   ----    ----
   XDATA SIZE       =   ----    ----
   PDATA SIZE       =   ----    ----
   DATA SIZE        =   ----    ----
   IDATA SIZE       =   ----    ----
   BIT SIZE         =   ----    ----
   EDATA SIZE       =   ----    ----
   HDATA SIZE       =   ----    ----
   XDATA CONST SIZE =   ----    ----
   FAR CONST SIZE   =   ----    ----
END OF MODULE INFORMATION.


C51 COMPILATION COMPLETE.  0 WARNING(S),  0 ERROR(S)
